<?xml version="1.0" encoding="UTF-8"?>
<robot generator="Robot 7.3.2 (Python 3.13.7 on win32)" generated="2025-09-18T11:43:40.766575" rpa="false" schemaversion="5">
<suite id="s1" name="Booker Test" source="c:\Users\kauar\OneDrive\Área de Trabalho\qa-restful-booker\src\booker_test.robot">
<test id="s1-t1" name="POST Create Booking" line="27">
<kw name="Create Session" owner="RequestsLibrary">
<msg time="2025-09-18T11:43:41.019811" level="INFO">Creating Session using : alias=booker, url=https://restful-booker.herokuapp.com, headers={},                     cookies={}, auth=None, timeout=None, proxies=None, verify=False,                     debug=0 </msg>
<arg>booker</arg>
<arg>https://restful-booker.herokuapp.com</arg>
<doc>Create Session: create a HTTP session to a server</doc>
<status status="PASS" start="2025-09-18T11:43:41.018649" elapsed="0.009329"/>
</kw>
<kw name="Create Dictionary" owner="BuiltIn">
<msg time="2025-09-18T11:43:41.030677" level="INFO">${booking_dates} = {'checkin': '2025-09-20', 'checkout': '2025-09-25'}</msg>
<var>${booking_dates}</var>
<arg>checkin=2025-09-20</arg>
<arg>checkout=2025-09-25</arg>
<doc>Creates and returns a dictionary based on the given ``items``.</doc>
<status status="PASS" start="2025-09-18T11:43:41.029390" elapsed="0.001675"/>
</kw>
<kw name="Create Dictionary" owner="BuiltIn">
<msg time="2025-09-18T11:43:41.038039" level="INFO">${booking_data} = {'firstname': 'Kaua', 'lastname': 'Silva', 'totalprice': '123', 'depositpaid': True, 'bookingdates': {'checkin': '2025-09-20', 'checkout': '2025-09-25'}, 'additionalneeds': 'Breakfast'}</msg>
<var>${booking_data}</var>
<arg>firstname=Kaua</arg>
<arg>lastname=Silva</arg>
<arg>totalprice=123</arg>
<arg>depositpaid=${True}</arg>
<arg>bookingdates=${booking_dates}</arg>
<arg>additionalneeds=Breakfast</arg>
<doc>Creates and returns a dictionary based on the given ``items``.</doc>
<status status="PASS" start="2025-09-18T11:43:41.032137" elapsed="0.006810"/>
</kw>
<kw name="POST On Session" owner="RequestsLibrary">
<msg time="2025-09-18T11:43:41.873037" level="INFO">POST Request : url=https://restful-booker.herokuapp.com/booking 
 path_url=/booking 
 headers={'User-Agent': 'python-requests/2.32.5', 'Accept-Encoding': 'gzip, deflate', 'Accept': '*/*', 'Connection': 'keep-alive', 'Content-Length': '185', 'Content-Type': 'application/json'} 
 body=b'{"firstname": "Kaua", "lastname": "Silva", "totalprice": "123", "depositpaid": true, "bookingdates": {"checkin": "2025-09-20", "checkout": "2025-09-25"}, "additionalneeds": "Breakfast"}' 
 </msg>
<msg time="2025-09-18T11:43:41.873552" level="INFO">POST Response : url=https://restful-booker.herokuapp.com/booking 
 status=200, reason=OK 
 headers={'Content-Length': '198', 'Content-Type': 'application/json; charset=utf-8', 'Date': 'Thu, 18 Sep 2025 14:43:41 GMT', 'Etag': 'W/"c6-Py6Vm7SqOhSHnOAtq9e3nv7IV1o"', 'Nel': '{"report_to":"heroku-nel","response_headers":["Via"],"max_age":3600,"success_fraction":0.01,"failure_fraction":0.1}', 'Report-To': '{"group":"heroku-nel","endpoints":[{"url":"https://nel.heroku.com/reports?s=vAbHdpkAJU22r4QfHVtJEnJj0rWVApyIuIoWK4ZxoiE%3D\\u0026sid=c46efe9b-d3d2-4a0c-8c76-bfafa16c5add\\u0026ts=1758206621"}],"max_age":3600}', 'Reporting-Endpoints': 'heroku-nel="https://nel.heroku.com/reports?s=vAbHdpkAJU22r4QfHVtJEnJj0rWVApyIuIoWK4ZxoiE%3D&amp;sid=c46efe9b-d3d2-4a0c-8c76-bfafa16c5add&amp;ts=1758206621"', 'Server': 'Heroku', 'Via': '1.1 heroku-router', 'X-Powered-By': 'Express'} 
 body={"bookingid":1301,"booking":{"firstname":"Kaua","lastname":"Silva","totalprice":123,"depositpaid":true,"bookingdates":{"checkin":"2025-09-20","checkout":"2025-09-25"},"additionalneeds":"Breakfast"}} 
 </msg>
<msg time="2025-09-18T11:43:41.873808" level="INFO">C:\Users\kauar\AppData\Local\Programs\Python\Python313\Lib\site-packages\urllib3\connectionpool.py:1097: InsecureRequestWarning: Unverified HTTPS request is being made to host 'restful-booker.herokuapp.com'. Adding certificate verification is strongly advised. See: https://urllib3.readthedocs.io/en/latest/advanced-usage.html#tls-warnings
  warnings.warn(</msg>
<msg time="2025-09-18T11:43:41.874423" level="INFO">${response} = &lt;Response [200]&gt;</msg>
<var>${response}</var>
<arg>booker</arg>
<arg>/booking</arg>
<arg>json=${booking_data}</arg>
<doc>Sends a POST request on a previously created HTTP Session.</doc>
<status status="PASS" start="2025-09-18T11:43:41.041071" elapsed="0.833618"/>
</kw>
<kw name="Should Be True" owner="BuiltIn">
<arg>${response.status_code} == 200 or ${response.status_code} == 201</arg>
<doc>Fails if the given condition is not true.</doc>
<status status="PASS" start="2025-09-18T11:43:41.879658" elapsed="0.002969"/>
</kw>
<kw name="Log To Console" owner="BuiltIn">
<arg>Booking criado: ${response.json()}</arg>
<doc>Logs the given message to the console.</doc>
<status status="PASS" start="2025-09-18T11:43:41.883850" elapsed="0.001991"/>
</kw>
<kw name="Set Variable" owner="BuiltIn">
<msg time="2025-09-18T11:43:41.888063" level="INFO">${booking_id} = 1301</msg>
<var>${booking_id}</var>
<arg>${response.json()['bookingid']}</arg>
<doc>Returns the given values which can then be assigned to a variables.</doc>
<status status="PASS" start="2025-09-18T11:43:41.886625" elapsed="0.001765"/>
</kw>
<kw name="Log To Console" owner="BuiltIn">
<arg>ID do booking criado: ${booking_id}</arg>
<doc>Logs the given message to the console.</doc>
<status status="PASS" start="2025-09-18T11:43:41.889336" elapsed="0.000985"/>
</kw>
<doc>Este teste cria um novo booking usando POST com automacao</doc>
<status status="PASS" start="2025-09-18T11:43:41.015994" elapsed="0.875071"/>
</test>
<status status="PASS" start="2025-09-18T11:43:40.779393" elapsed="1.114472"/>
</suite>
<statistics>
<total>
<stat pass="1" fail="0" skip="0">All Tests</stat>
</total>
<tag>
</tag>
<suite>
<stat name="Booker Test" id="s1" pass="1" fail="0" skip="0">Booker Test</stat>
</suite>
</statistics>
<errors>
</errors>
</robot>
