<?xml version="1.0" encoding="UTF-8"?>
<robot generator="Robot 7.3.2 (Python 3.13.7 on win32)" generated="2025-09-22T15:38:14.694390" rpa="false" schemaversion="5">
<suite id="s1" name="Booker Test" source="c:\Users\kauar\OneDrive\Área de Trabalho\qa-restful-booker\src\booker_test.robot">
<test id="s1-t1" name="POST Create Booking" line="17">
<kw name="Criar Sessao Booker">
<kw name="Create Session" owner="RequestsLibrary">
<msg time="2025-09-22T15:38:14.978396" level="INFO">Creating Session using : alias=booker, url=https://restful-booker.herokuapp.com/, headers={},                     cookies={}, auth=None, timeout=None, proxies=None, verify=False,                     debug=0 </msg>
<arg>booker</arg>
<arg>${BASE_URL}</arg>
<doc>Create Session: create a HTTP session to a server</doc>
<status status="PASS" start="2025-09-22T15:38:14.977588" elapsed="0.008245"/>
</kw>
<doc>Cria uma sessão HTTP para a API do Booker</doc>
<status status="PASS" start="2025-09-22T15:38:14.976305" elapsed="0.010385"/>
</kw>
<kw name="Criar Dados do Booking">
<kw name="Create Dictionary" owner="BuiltIn">
<msg time="2025-09-22T15:38:14.995135" level="INFO">${booking_dates} = {'checkin': '2025-09-20', 'checkout': '2025-09-25'}</msg>
<var>${booking_dates}</var>
<arg>checkin=${checkin}</arg>
<arg>checkout=${checkout}</arg>
<doc>Creates and returns a dictionary based on the given ``items``.</doc>
<status status="PASS" start="2025-09-22T15:38:14.992598" elapsed="0.003017"/>
</kw>
<kw name="Create Dictionary" owner="BuiltIn">
<msg time="2025-09-22T15:38:14.998051" level="INFO">${booking_data} = {'firstname': 'Kaua', 'lastname': 'Silva', 'totalprice': '123', 'depositpaid': True, 'bookingdates': {'checkin': '2025-09-20', 'checkout': '2025-09-25'}, 'additionalneeds': 'Breakfast'}</msg>
<var>${booking_data}</var>
<arg>firstname=${firstname}</arg>
<arg>lastname=${lastname}</arg>
<arg>totalprice=${totalprice}</arg>
<arg>depositpaid=${depositpaid}</arg>
<arg>bookingdates=${booking_dates}</arg>
<arg>additionalneeds=${additionalneeds}</arg>
<doc>Creates and returns a dictionary based on the given ``items``.</doc>
<status status="PASS" start="2025-09-22T15:38:14.996291" elapsed="0.002081"/>
</kw>
<return>
<value>${booking_data}</value>
<status status="PASS" start="2025-09-22T15:38:14.998670" elapsed="0.000312"/>
</return>
<msg time="2025-09-22T15:38:14.999457" level="INFO">${booking_data} = {'firstname': 'Kaua', 'lastname': 'Silva', 'totalprice': '123', 'depositpaid': True, 'bookingdates': {'checkin': '2025-09-20', 'checkout': '2025-09-25'}, 'additionalneeds': 'Breakfast'}</msg>
<var>${booking_data}</var>
<arg>Kaua</arg>
<arg>Silva</arg>
<arg>123</arg>
<arg>${True}</arg>
<arg>2025-09-20</arg>
<arg>2025-09-25</arg>
<arg>Breakfast</arg>
<doc>Cria o dicionário com os dados do booking</doc>
<status status="PASS" start="2025-09-22T15:38:14.989571" elapsed="0.010127"/>
</kw>
<kw name="Criar Booking">
<kw name="POST On Session" owner="RequestsLibrary">
<msg time="2025-09-22T15:38:15.573657" level="INFO">POST Request : url=https://restful-booker.herokuapp.com/booking 
 path_url=/booking 
 headers={'User-Agent': 'python-requests/2.32.5', 'Accept-Encoding': 'gzip, deflate', 'Accept': '*/*', 'Connection': 'keep-alive', 'Content-Length': '185', 'Content-Type': 'application/json'} 
 body=b'{"firstname": "Kaua", "lastname": "Silva", "totalprice": "123", "depositpaid": true, "bookingdates": {"checkin": "2025-09-20", "checkout": "2025-09-25"}, "additionalneeds": "Breakfast"}' 
 </msg>
<msg time="2025-09-22T15:38:15.574413" level="INFO">POST Response : url=https://restful-booker.herokuapp.com/booking 
 status=200, reason=OK 
 headers={'Content-Length': '198', 'Content-Type': 'application/json; charset=utf-8', 'Date': 'Mon, 22 Sep 2025 18:38:15 GMT', 'Etag': 'W/"c6-RZhIFjHAoWqj6KFsCW3YDENmxCA"', 'Nel': '{"report_to":"heroku-nel","response_headers":["Via"],"max_age":3600,"success_fraction":0.01,"failure_fraction":0.1}', 'Report-To': '{"group":"heroku-nel","endpoints":[{"url":"https://nel.heroku.com/reports?s=cNP9Kec5TiN3q96EyXLXsrBj3AKqE0tLka58mYJ9eZI%3D\\u0026sid=c46efe9b-d3d2-4a0c-8c76-bfafa16c5add\\u0026ts=1758566295"}],"max_age":3600}', 'Reporting-Endpoints': 'heroku-nel="https://nel.heroku.com/reports?s=cNP9Kec5TiN3q96EyXLXsrBj3AKqE0tLka58mYJ9eZI%3D&amp;sid=c46efe9b-d3d2-4a0c-8c76-bfafa16c5add&amp;ts=1758566295"', 'Server': 'Heroku', 'Via': '1.1 heroku-router', 'X-Powered-By': 'Express'} 
 body={"bookingid":4071,"booking":{"firstname":"Kaua","lastname":"Silva","totalprice":123,"depositpaid":true,"bookingdates":{"checkin":"2025-09-20","checkout":"2025-09-25"},"additionalneeds":"Breakfast"}} 
 </msg>
<msg time="2025-09-22T15:38:15.574792" level="INFO">C:\Users\kauar\AppData\Local\Programs\Python\Python313\Lib\site-packages\urllib3\connectionpool.py:1097: InsecureRequestWarning: Unverified HTTPS request is being made to host 'restful-booker.herokuapp.com'. Adding certificate verification is strongly advised. See: https://urllib3.readthedocs.io/en/latest/advanced-usage.html#tls-warnings
  warnings.warn(</msg>
<msg time="2025-09-22T15:38:15.575565" level="INFO">${response} = &lt;Response [200]&gt;</msg>
<var>${response}</var>
<arg>booker</arg>
<arg>/booking</arg>
<arg>json=${booking_data}</arg>
<doc>Sends a POST request on a previously created HTTP Session.</doc>
<status status="PASS" start="2025-09-22T15:38:15.001533" elapsed="0.574298"/>
</kw>
<return>
<value>${response}</value>
<status status="PASS" start="2025-09-22T15:38:15.576115" elapsed="0.000241"/>
</return>
<msg time="2025-09-22T15:38:15.576724" level="INFO">${response} = &lt;Response [200]&gt;</msg>
<var>${response}</var>
<arg>${booking_data}</arg>
<doc>Faz POST para criar um novo booking</doc>
<status status="PASS" start="2025-09-22T15:38:15.000767" elapsed="0.576383"/>
</kw>
<kw name="Validar Status Code Criacao">
<kw name="Should Be True" owner="BuiltIn">
<arg>${response.status_code} == 200 or ${response.status_code} == 201</arg>
<doc>Fails if the given condition is not true.</doc>
<status status="PASS" start="2025-09-22T15:38:15.580069" elapsed="0.003062"/>
</kw>
<arg>${response}</arg>
<doc>Valida se o status code de criação está correto (200 ou 201)</doc>
<status status="PASS" start="2025-09-22T15:38:15.579011" elapsed="0.004446"/>
</kw>
<kw name="Extrair Booking ID">
<kw name="Set Variable" owner="BuiltIn">
<msg time="2025-09-22T15:38:15.587768" level="INFO">${booking_id} = 4071</msg>
<var>${booking_id}</var>
<arg>${response.json()['bookingid']}</arg>
<doc>Returns the given values which can then be assigned to a variables.</doc>
<status status="PASS" start="2025-09-22T15:38:15.585788" elapsed="0.002452"/>
</kw>
<return>
<value>${booking_id}</value>
<status status="PASS" start="2025-09-22T15:38:15.588599" elapsed="0.000341"/>
</return>
<msg time="2025-09-22T15:38:15.589933" level="INFO">${booking_id} = 4071</msg>
<var>${booking_id}</var>
<arg>${response}</arg>
<doc>Extrai o ID do booking da resposta</doc>
<status status="PASS" start="2025-09-22T15:38:15.584682" elapsed="0.005580"/>
</kw>
<kw name="Log To Console" owner="BuiltIn">
<arg>ID do booking criado: ${booking_id}</arg>
<doc>Logs the given message to the console.</doc>
<status status="PASS" start="2025-09-22T15:38:15.591438" elapsed="0.001096"/>
</kw>
<doc>Este teste cria um novo booking usando POST</doc>
<status status="PASS" start="2025-09-22T15:38:14.974536" elapsed="0.619469"/>
</test>
<status status="PASS" start="2025-09-22T15:38:14.705585" elapsed="0.892096"/>
</suite>
<statistics>
<total>
<stat pass="1" fail="0" skip="0">All Tests</stat>
</total>
<tag>
</tag>
<suite>
<stat name="Booker Test" id="s1" pass="1" fail="0" skip="0">Booker Test</stat>
</suite>
</statistics>
<errors>
</errors>
</robot>
