<?xml version="1.0" encoding="UTF-8"?>
<robot generator="Robot 7.3.2 (Python 3.13.7 on win32)" generated="2025-09-22T15:38:19.086948" rpa="false" schemaversion="5">
<suite id="s1" name="Qa-Restful-Booker" source="C:\Users\kauar\OneDrive\Área de Trabalho\qa-restful-booker">
<suite id="s1-s1" name="Src" source="C:\Users\kauar\OneDrive\Área de Trabalho\qa-restful-booker\src">
<suite id="s1-s1-s1" name="Booker Test" source="C:\Users\kauar\OneDrive\Área de Trabalho\qa-restful-booker\src\booker_test.robot">
<test id="s1-s1-s1-t1" name="POST Create Booking" line="17">
<kw name="Criar Sessao Booker">
<kw name="Create Session" owner="RequestsLibrary">
<msg time="2025-09-22T15:38:19.829561" level="INFO">Creating Session using : alias=booker, url=https://restful-booker.herokuapp.com/, headers={},                     cookies={}, auth=None, timeout=None, proxies=None, verify=False,                     debug=0 </msg>
<arg>booker</arg>
<arg>${BASE_URL}</arg>
<doc>Create Session: create a HTTP session to a server</doc>
<status status="PASS" start="2025-09-22T15:38:19.827865" elapsed="0.003852"/>
</kw>
<doc>Cria uma sessão HTTP para a API do Booker</doc>
<status status="PASS" start="2025-09-22T15:38:19.824946" elapsed="0.007417"/>
</kw>
<kw name="Criar Dados do Booking">
<kw name="Create Dictionary" owner="BuiltIn">
<msg time="2025-09-22T15:38:19.835517" level="INFO">${booking_dates} = {'checkin': '2025-09-20', 'checkout': '2025-09-25'}</msg>
<var>${booking_dates}</var>
<arg>checkin=${checkin}</arg>
<arg>checkout=${checkout}</arg>
<doc>Creates and returns a dictionary based on the given ``items``.</doc>
<status status="PASS" start="2025-09-22T15:38:19.834674" elapsed="0.001090"/>
</kw>
<kw name="Create Dictionary" owner="BuiltIn">
<msg time="2025-09-22T15:38:19.837050" level="INFO">${booking_data} = {'firstname': 'Kaua', 'lastname': 'Silva', 'totalprice': '123', 'depositpaid': True, 'bookingdates': {'checkin': '2025-09-20', 'checkout': '2025-09-25'}, 'additionalneeds': 'Breakfast'}</msg>
<var>${booking_data}</var>
<arg>firstname=${firstname}</arg>
<arg>lastname=${lastname}</arg>
<arg>totalprice=${totalprice}</arg>
<arg>depositpaid=${depositpaid}</arg>
<arg>bookingdates=${booking_dates}</arg>
<arg>additionalneeds=${additionalneeds}</arg>
<doc>Creates and returns a dictionary based on the given ``items``.</doc>
<status status="PASS" start="2025-09-22T15:38:19.836064" elapsed="0.002014"/>
</kw>
<return>
<value>${booking_data}</value>
<status status="PASS" start="2025-09-22T15:38:19.838474" elapsed="0.000470"/>
</return>
<msg time="2025-09-22T15:38:19.839486" level="INFO">${booking_data} = {'firstname': 'Kaua', 'lastname': 'Silva', 'totalprice': '123', 'depositpaid': True, 'bookingdates': {'checkin': '2025-09-20', 'checkout': '2025-09-25'}, 'additionalneeds': 'Breakfast'}</msg>
<var>${booking_data}</var>
<arg>Kaua</arg>
<arg>Silva</arg>
<arg>123</arg>
<arg>${True}</arg>
<arg>2025-09-20</arg>
<arg>2025-09-25</arg>
<arg>Breakfast</arg>
<doc>Cria o dicionário com os dados do booking</doc>
<status status="PASS" start="2025-09-22T15:38:19.833433" elapsed="0.006393"/>
</kw>
<kw name="Criar Booking">
<kw name="POST On Session" owner="RequestsLibrary">
<msg time="2025-09-22T15:38:20.516713" level="INFO">POST Request : url=https://restful-booker.herokuapp.com/booking 
 path_url=/booking 
 headers={'User-Agent': 'python-requests/2.32.5', 'Accept-Encoding': 'gzip, deflate', 'Accept': '*/*', 'Connection': 'keep-alive', 'Content-Length': '185', 'Content-Type': 'application/json'} 
 body=b'{"firstname": "Kaua", "lastname": "Silva", "totalprice": "123", "depositpaid": true, "bookingdates": {"checkin": "2025-09-20", "checkout": "2025-09-25"}, "additionalneeds": "Breakfast"}' 
 </msg>
<msg time="2025-09-22T15:38:20.517489" level="INFO">POST Response : url=https://restful-booker.herokuapp.com/booking 
 status=200, reason=OK 
 headers={'Content-Length': '198', 'Content-Type': 'application/json; charset=utf-8', 'Date': 'Mon, 22 Sep 2025 18:38:20 GMT', 'Etag': 'W/"c6-MvneFTaT2KGJvr6uVEhqcB4E7lc"', 'Nel': '{"report_to":"heroku-nel","response_headers":["Via"],"max_age":3600,"success_fraction":0.01,"failure_fraction":0.1}', 'Report-To': '{"group":"heroku-nel","endpoints":[{"url":"https://nel.heroku.com/reports?s=47t9cLRpcX%2BE7IPiuGmHUupxuHTVEkUcxCFd3zZoTr0%3D\\u0026sid=c46efe9b-d3d2-4a0c-8c76-bfafa16c5add\\u0026ts=1758566300"}],"max_age":3600}', 'Reporting-Endpoints': 'heroku-nel="https://nel.heroku.com/reports?s=47t9cLRpcX%2BE7IPiuGmHUupxuHTVEkUcxCFd3zZoTr0%3D&amp;sid=c46efe9b-d3d2-4a0c-8c76-bfafa16c5add&amp;ts=1758566300"', 'Server': 'Heroku', 'Via': '1.1 heroku-router', 'X-Powered-By': 'Express'} 
 body={"bookingid":4118,"booking":{"firstname":"Kaua","lastname":"Silva","totalprice":123,"depositpaid":true,"bookingdates":{"checkin":"2025-09-20","checkout":"2025-09-25"},"additionalneeds":"Breakfast"}} 
 </msg>
<msg time="2025-09-22T15:38:20.517778" level="INFO">C:\Users\kauar\AppData\Local\Programs\Python\Python313\Lib\site-packages\urllib3\connectionpool.py:1097: InsecureRequestWarning: Unverified HTTPS request is being made to host 'restful-booker.herokuapp.com'. Adding certificate verification is strongly advised. See: https://urllib3.readthedocs.io/en/latest/advanced-usage.html#tls-warnings
  warnings.warn(</msg>
<msg time="2025-09-22T15:38:20.518696" level="INFO">${response} = &lt;Response [200]&gt;</msg>
<var>${response}</var>
<arg>booker</arg>
<arg>/booking</arg>
<arg>json=${booking_data}</arg>
<doc>Sends a POST request on a previously created HTTP Session.</doc>
<status status="PASS" start="2025-09-22T15:38:19.842065" elapsed="0.676909"/>
</kw>
<return>
<value>${response}</value>
<status status="PASS" start="2025-09-22T15:38:20.519359" elapsed="0.000773"/>
</return>
<msg time="2025-09-22T15:38:20.520636" level="INFO">${response} = &lt;Response [200]&gt;</msg>
<var>${response}</var>
<arg>${booking_data}</arg>
<doc>Faz POST para criar um novo booking</doc>
<status status="PASS" start="2025-09-22T15:38:19.840931" elapsed="0.680770"/>
</kw>
<kw name="Validar Status Code Criacao">
<kw name="Should Be True" owner="BuiltIn">
<arg>${response.status_code} == 200 or ${response.status_code} == 201</arg>
<doc>Fails if the given condition is not true.</doc>
<status status="PASS" start="2025-09-22T15:38:20.523803" elapsed="0.003693"/>
</kw>
<arg>${response}</arg>
<doc>Valida se o status code de criação está correto (200 ou 201)</doc>
<status status="PASS" start="2025-09-22T15:38:20.522582" elapsed="0.005348"/>
</kw>
<kw name="Extrair Booking ID">
<kw name="Set Variable" owner="BuiltIn">
<msg time="2025-09-22T15:38:20.530759" level="INFO">${booking_id} = 4118</msg>
<var>${booking_id}</var>
<arg>${response.json()['bookingid']}</arg>
<doc>Returns the given values which can then be assigned to a variables.</doc>
<status status="PASS" start="2025-09-22T15:38:20.529568" elapsed="0.001436"/>
</kw>
<return>
<value>${booking_id}</value>
<status status="PASS" start="2025-09-22T15:38:20.531211" elapsed="0.000525"/>
</return>
<msg time="2025-09-22T15:38:20.531953" level="INFO">${booking_id} = 4118</msg>
<var>${booking_id}</var>
<arg>${response}</arg>
<doc>Extrai o ID do booking da resposta</doc>
<status status="PASS" start="2025-09-22T15:38:20.528552" elapsed="0.003538"/>
</kw>
<kw name="Log To Console" owner="BuiltIn">
<arg>ID do booking criado: ${booking_id}</arg>
<doc>Logs the given message to the console.</doc>
<status status="PASS" start="2025-09-22T15:38:20.533594" elapsed="0.001558"/>
</kw>
<doc>Este teste cria um novo booking usando POST</doc>
<status status="PASS" start="2025-09-22T15:38:19.812905" elapsed="0.723069"/>
</test>
<status status="PASS" start="2025-09-22T15:38:19.172181" elapsed="1.375890"/>
</suite>
<status status="PASS" start="2025-09-22T15:38:19.159531" elapsed="1.395510"/>
</suite>
<status status="PASS" start="2025-09-22T15:38:19.097218" elapsed="1.465794"/>
</suite>
<statistics>
<total>
<stat pass="1" fail="0" skip="0">All Tests</stat>
</total>
<tag>
</tag>
<suite>
<stat name="Qa-Restful-Booker" id="s1" pass="1" fail="0" skip="0">Qa-Restful-Booker</stat>
<stat name="Src" id="s1-s1" pass="1" fail="0" skip="0">Qa-Restful-Booker.Src</stat>
<stat name="Booker Test" id="s1-s1-s1" pass="1" fail="0" skip="0">Qa-Restful-Booker.Src.Booker Test</stat>
</suite>
</statistics>
<errors>
</errors>
</robot>
