<?xml version="1.0" encoding="UTF-8"?>
<robot generator="Robot 7.3.2 (Python 3.13.7 on win32)" generated="2025-09-22T15:48:58.786493" rpa="false" schemaversion="5">
<suite id="s1" name="Src" source="C:\Users\kauar\OneDrive\Área de Trabalho\qa-restful-booker\src">
<suite id="s1-s1" name="Booker Test" source="C:\Users\kauar\OneDrive\Área de Trabalho\qa-restful-booker\src\booker_test.robot">
<test id="s1-s1-t1" name="GET todos os Bookings" line="14">
<kw name="Criar Sessao Booker">
<kw name="Create Session" owner="RequestsLibrary">
<msg time="2025-09-22T15:48:58.958271" level="INFO">Creating Session using : alias=booker, url=https://restful-booker.herokuapp.com/, headers={},                     cookies={}, auth=None, timeout=None, proxies=None, verify=False,                     debug=0 </msg>
<arg>booker</arg>
<arg>${BASE_URL}</arg>
<doc>Create Session: create a HTTP session to a server</doc>
<status status="PASS" start="2025-09-22T15:48:58.958094" elapsed="0.000371"/>
</kw>
<doc>Cria uma sessão HTTP para a API do Booker</doc>
<status status="PASS" start="2025-09-22T15:48:58.957543" elapsed="0.001022"/>
</kw>
<kw name="Listar Todos os Bookings">
<kw name="GET On Session" owner="RequestsLibrary">
<msg time="2025-09-22T15:48:59.714579" level="INFO">GET Request : url=https://restful-booker.herokuapp.com/booking 
 path_url=/booking 
 headers={'User-Agent': 'python-requests/2.32.5', 'Accept-Encoding': 'gzip, deflate', 'Accept': '*/*', 'Connection': 'keep-alive'} 
 body=None 
 </msg>
<msg time="2025-09-22T15:48:59.714805" level="INFO">GET Response : url=https://restful-booker.herokuapp.com/booking 
 status=200, reason=OK 
 headers={'Content-Length': '54161', 'Content-Type': 'application/json; charset=utf-8', 'Date': 'Mon, 22 Sep 2025 18:48:59 GMT', 'Etag': 'W/"d391-lv0K3DUTh+TelnTvq/Jm+gC6zK8"', 'Nel': '{"report_to":"heroku-nel","response_headers":["Via"],"max_age":3600,"success_fraction":0.01,"failure_fraction":0.1}', 'Report-To': '{"group":"heroku-nel","endpoints":[{"url":"https://nel.heroku.com/reports?s=Imeqe5wI%2BcrhYM8vKZoK9kEii7XleT5QEs%2FrhsyX%2FY4%3D\\u0026sid=c46efe9b-d3d2-4a0c-8c76-bfafa16c5add\\u0026ts=1758566939"}],"max_age":3600}', 'Reporting-Endpoints': 'heroku-nel="https://nel.heroku.com/reports?s=Imeqe5wI%2BcrhYM8vKZoK9kEii7XleT5QEs%2FrhsyX%2FY4%3D&amp;sid=c46efe9b-d3d2-4a0c-8c76-bfafa16c5add&amp;ts=1758566939"', 'Server': 'Heroku', 'Via': '1.1 heroku-router', 'X-Powered-By': 'Express'} 
 body=[{"bookingid":3678},{"bookingid":2030},{"bookingid":2921},{"bookingid":3381},{"bookingid":1019},{"bookingid":2161},{"bookingid":970},{"bookingid":2682},{"bookingid":3383},{"bookingid":1079},{"bookingid":779},{"bookingid":3636},{"bookingid":351},{"bookingid":2964},{"bookingid":3213},{"bookingid":1610},{"bookingid":4080},{"bookingid":3970},{"bookingid":2023},{"bookingid":2236},{"bookingid":3751},{"bookingid":3801},{"bookingid":3588},{"bookingid":333},{"bookingid":2549},{"bookingid":875},{"bookingid":431},{"bookingid":2251},{"bookingid":599},{"bookingid":2579},{"bookingid":1243},{"bookingid":491},{"bookingid":657},{"bookingid":1572},{"bookingid":3958},{"bookingid":4060},{"bookingid":1956},{"bookingid":2496},{"bookingid":3179},{"bookingid":1226},{"bookingid":1461},{"bookingid":3591},{"bookingid":1953},{"bookingid":1875},{"bookingid":493},{"bookingid":3762},{"bookingid":1088},{"bookingid":3497},{"bookingid":636},{"bookingid":1031},{"bookingid":3020},{"bookingid":604},{"bookingid":2193},{"bookingid":2188},{"bookingid":854},{"bookingid":2313},{"bookingid":3385},{"bookingid":3537},{"bookingid":2120},{"bookingid":1963},{"bookingid":3263},{"bookingid":1022},{"bookingid":990},{"bookingid":4104},{"bookingid":1321},{"bookingid":2062},{"bookingid":4154},{"bookingid":2614},{"bookingid":2341},{"bookingid":4190},{"bookingid":3719},{"bookingid":2241},{"bookingid":1476},{"bookingid":3915},{"bookingid":1541},{"bookingid":2270},{"bookingid":1989},{"bookingid":2738},{"bookingid":2490},{"bookingid":498},{"bookingid":1209},{"bookingid":2592},{"bookingid":3393},{"bookingid":305},{"bookingid":2208},{"bookingid":449},{"bookingid":3563},{"bookingid":4050},{"bookingid":2497},{"bookingid":2707},{"bookingid":3304},{"bookingid":3767},{"bookingid":2093},{"bookingid":3195},{"bookingid":1135},{"bookingid":3672},{"bookingid":467},{"bookingid":4098},{"bookingid":505},{"bookingid":499},{"bookingid":210},{"bookingid":1598},{"bookingid":1398},{"bookingid":123},{"bookingid":3629},{"bookingid":837},{"bookingid":330},{"bookingid":1453},{"bookingid":2357},{"bookingid":2924},{"bookingid":2684},{"bookingid":1683},{"bookingid":70},{"bookingid":3523},{"bookingid":192},{"bookingid":80},{"bookingid":2646},{"bookingid":3845},{"bookingid":908},{"bookingid":1557},{"bookingid":3402},{"bookingid":284},{"bookingid":2012},{"bookingid":900},{"bookingid":2280},{"bookingid":1871},{"bookingid":3001},{"bookingid":914},{"bookingid":1639},{"bookingid":143},{"bookingid":4133},{"bookingid":3366},{"bookingid":2372},{"bookingid":2514},{"bookingid":2291},{"bookingid":3840},{"bookingid":681},{"bookingid":2277},{"bookingid":2488},{"bookingid":2559},{"bookingid":3438},{"bookingid":3297},{"bookingid":3814},{"bookingid":2570},{"bookingid":3412},{"bookingid":1365},{"bookingid":1069},{"bookingid":2059},{"bookingid":2878},{"bookingid":2984},{"bookingid":1224},{"bookingid":259},{"bookingid":34},{"bookingid":1511},{"bookingid":3614},{"bookingid":881},{"bookingid":2610},{"bookingid":3886},{"bookingid":2381},{"bookingid":4198},{"bookingid":3147},{"bookingid":3652},{"bookingid":964},{"bookingid":99},{"bookingid":3363},{"bookingid":2775},{"bookingid":1156},{"bookingid":1970},{"bookingid":1643},{"bookingid":2899},{"bookingid":3355},{"bookingid":1456},{"bookingid":2441},{"bookingid":3014},{"bookingid":3893},{"bookingid":880},{"bookingid":2961},{"bookingid":492},{"bookingid":1063},{"bookingid":3952},{"bookingid":3752},{"bookingid":2687},{"bookingid":1149},{"bookingid":12},{"bookingid":1592},{"bookingid":2106},{"bookingid":1773},{"bookingid":1563},{"bookingid":3698},{"bookingid":2974},{"bookingid":1126},{"bookingid":890},{"bookingid":1608},{"bookingid":1020},{"bookingid":3531},{"bookingid":2212},{"bookingid":2735},{"bookingid":4077},{"bookingid":184},{"bookingid":3906},{"bookingid":1990},{"bookingid":2908},{"bookingid":1188},{"bookingid":3022},{"bookingid":2459},{"bookingid":3103},{"bookingid":1447},{"bookingid":1937},{"bookingid":711},{"bookingid":1230},{"bookingid":3744},{"bookingid":957},{"bookingid":3475},{"bookingid":2200},{"bookingid":3610},{"bookingid":3387},{"bookingid":2223},{"bookingid":3182},{"bookingid":666},{"bookingid":4058},{"bookingid":1832},{"bookingid":3569},{"bookingid":1881},{"bookingid":1305},{"bookingid":2287},{"bookingid":2747},{"bookingid":2070},{"bookingid":4151},{"bookingid":1733},{"bookingid":2136},{"bookingid":4206},{"bookingid":3631},{"bookingid":375},{"bookingid":494},{"bookingid":1645},{"bookingid":3354},{"bookingid":3206},{"bookingid":423},{"bookingid":3624},{"bookingid":789},{"bookingid":1805},{"bookingid":4205},{"bookingid":3517},{"bookingid":1322},{"bookingid":3833},{"bookingid":1776},{"bookingid":3284},{"bookingid":1769},{"bookingid":3253},{"bookingid":1370},{"bookingid":1516},{"bookingid":2902},{"bookingid":2749},{"bookingid":3811},{"bookingid":2913},{"bookingid":660},{"bookingid":306},{"bookingid":2077},{"bookingid":2815},{"bookingid":905},{"bookingid":766},{"bookingid":2826},{"bookingid":2825},{"bookingid":273},{"bookingid":3732},{"bookingid":1215},{"bookingid":3806},{"bookingid":678},{"bookingid":3190},{"bookingid":3534},{"bookingid":4212},{"bookingid":3883},{"bookingid":2053},{"bookingid":633},{"bookingid":626},{"bookingid":2656},{"bookingid":391},{"bookingid":2892},{"bookingid":2353},{"bookingid":1847},{"bookingid":91},{"bookingid":979},{"bookingid":1873},{"bookingid":1601},{"bookingid":3875},{"bookingid":3470},{"bookingid":648},{"bookingid":3819},{"bookingid":2152},{"bookingid":1964},{"bookingid":888},{"bookingid":615},{"bookingid":1794},{"bookingid":2681},{"bookingid":380},{"bookingid":3854},{"bookingid":2283},{"bookingid":3067},{"bookingid":3176},{"bookingid":2963},{"bookingid":1874},{"bookingid":3009},{"bookingid":941},{"bookingid":1603},{"bookingid":3789},{"bookingid":3965},{"bookingid":831},{"bookingid":2354},{"bookingid":1362},{"bookingid":233},{"bookingid":1880},{"bookingid":2215},{"bookingid":4001},{"bookingid":3389},{"bookingid":3501},{"bookingid":188},{"bookingid":913},{"bookingid":3291},{"bookingid":3189},{"bookingid":1007},{"bookingid":485},{"bookingid":1203},{"bookingid":3846},{"bookingid":2380},{"bookingid":354},{"bookingid":2844},{"bookingid":2603},{"bookingid":1868},{"bookingid":2419},{"bookingid":2500},{"bookingid":46},{"bookingid":822},{"bookingid":2765},{"bookingid":606},{"bookingid":2033},{"bookingid":366},{"bookingid":29},{"bookingid":4081},{"bookingid":3769},{"bookingid":4180},{"bookingid":4137},{"bookingid":1770},{"bookingid":3594},{"bookingid":3138},{"bookingid":3781},{"bookingid":1627},{"bookingid":385},{"bookingid":1451},{"bookingid":3064},{"bookingid":1078},{"bookingid":26},{"bookingid":426},{"bookingid":942},{"bookingid":409},{"bookingid":2532},{"bookingid":2168},{"bookingid":1443},{"bookingid":418},{"bookingid":3641},{"bookingid":3899},{"bookingid":2782},{"bookingid":4182},{"bookingid":1877},{"bookingid":2263},{"bookingid":2274},{"bookingid":450},{"bookingid":2148},{"bookingid":813},{"bookingid":1655},{"bookingid":2678},{"bookingid":3935},{"bookingid":3446},{"bookingid":2948},{"bookingid":3810},{"bookingid":2743},{"bookingid":438},{"bookingid":2410},{"bookingid":263},{"bookingid":2547},{"bookingid":876},{"bookingid":3162},{"bookingid":2838},{"bookingid":2651},{"bookingid":4138},{"bookingid":3888},{"bookingid":2606},{"bookingid":3498},{"bookingid":2232},{"bookingid":3280},{"bookingid":2541},{"bookingid":3642},{"bookingid":3758},{"bookingid":1536},{"bookingid":518},{"bookingid":3432},{"bookingid":2052},{"bookingid":112},{"bookingid":1973},{"bookingid":3337},{"bookingid":2314},{"bookingid":52},{"bookingid":2597},{"bookingid":1894},{"bookingid":4051},{"bookingid":1795},{"bookingid":3202},{"bookingid":761},{"bookingid":353},{"bookingid":3943},{"bookingid":2587},{"bookingid":176},{"bookingid":4002},{"bookingid":1221},{"bookingid":1528},{"bookingid":1193},{"bookingid":2802},{"bookingid":2181},{"bookingid":1826},{"bookingid":3660},{"bookingid":3917},{"bookingid":1983},{"bookingid":2848},{"bookingid":1967},{"bookingid":1129},{"bookingid":1582},{"bookingid":1804},{"bookingid":1810},{"bookingid":398},{"bookingid":2462},{"bookingid":1072},{"bookingid":3472},{"bookingid":496},{"bookingid":2294},{"bookingid":3998},{"bookingid":3401},{"bookingid":3671},{"bookingid":2108},{"bookingid":1293},{"bookingid":3659},{"bookingid":2888},{"bookingid":3648},{"bookingid":2837},{"bookingid":74},{"bookingid":669},{"bookingid":2396},{"bookingid":1672},{"bookingid":3633},{"bookingid":2744},{"bookingid":2452},{"bookingid":3065},{"bookingid":187},{"bookingid":2813},{"bookingid":2470},{"bookingid":4140},{"bookingid":672},{"bookingid":1530},{"bookingid":63},{"bookingid":3983},{"bookingid":559},{"bookingid":2192},{"bookingid":4147},{"bookingid":2134},{"bookingid":433},{"bookingid":189},{"bookingid":1858},{"bookingid":250},{"bookingid":581},{"bookingid":767},{"bookingid":1844},{"bookingid":1602},{"bookingid":956},{"bookingid":341},{"bookingid":1950},{"bookingid":693},{"bookingid":586},{"bookingid":3593},{"bookingid":3825},{"bookingid":514},{"bookingid":1792},{"bookingid":4063},{"bookingid":2757},{"bookingid":3723},{"bookingid":1483},{"bookingid":3559},{"bookingid":724},{"bookingid":3945},{"bookingid":81},{"bookingid":4120},{"bookingid":3722},{"bookingid":885},{"bookingid":416},{"bookingid":3941},{"bookingid":3798},{"bookingid":174},{"bookingid":4028},{"bookingid":4074},{"bookingid":594},{"bookingid":2564},{"bookingid":1587},{"bookingid":2883},{"bookingid":217},{"bookingid":462},{"bookingid":2000},{"bookingid":2135},{"bookingid":62},{"bookingid":2001},{"bookingid":1337},{"bookingid":4056},{"bookingid":1975},{"bookingid":1520},{"bookingid":455},{"bookingid":3310},{"bookingid":1688},{"bookingid":1264},{"bookingid":2367},{"bookingid":3626},{"bookingid":292},{"bookingid":277},{"bookingid":96},{"bookingid":2140},{"bookingid":2487},{"bookingid":3444},{"bookingid":2968},{"bookingid":978},{"bookingid":3999},{"bookingid":2337},{"bookingid":3152},{"bookingid":3824},{"bookingid":4003},{"bookingid":4010},{"bookingid":730},{"bookingid":1551},{"bookingid":1196},{"bookingid":2... (set the log level to DEBUG or TRACE to see the full content) 
 </msg>
<msg time="2025-09-22T15:48:59.715270" level="INFO">C:\Users\kauar\AppData\Local\Programs\Python\Python313\Lib\site-packages\urllib3\connectionpool.py:1097: InsecureRequestWarning: Unverified HTTPS request is being made to host 'restful-booker.herokuapp.com'. Adding certificate verification is strongly advised. See: https://urllib3.readthedocs.io/en/latest/advanced-usage.html#tls-warnings
  warnings.warn(</msg>
<msg time="2025-09-22T15:48:59.715809" level="INFO">${response} = &lt;Response [200]&gt;</msg>
<var>${response}</var>
<arg>booker</arg>
<arg>/booking</arg>
<doc>Sends a GET request on a previously created HTTP Session.</doc>
<status status="PASS" start="2025-09-22T15:48:58.959087" elapsed="0.756800"/>
</kw>
<return>
<value>${response}</value>
<status status="PASS" start="2025-09-22T15:48:59.716026" elapsed="0.000110"/>
</return>
<msg time="2025-09-22T15:48:59.716492" level="INFO">${response} = &lt;Response [200]&gt;</msg>
<var>${response}</var>
<doc>Faz GET para listar todos os booking IDs</doc>
<status status="PASS" start="2025-09-22T15:48:58.958874" elapsed="0.757673"/>
</kw>
<kw name="Validar Status Code">
<kw name="Should Be Equal As Integers" owner="BuiltIn">
<msg time="2025-09-22T15:48:59.717975" level="INFO">Argument types are:
&lt;class 'int'&gt;
&lt;class 'str'&gt;</msg>
<arg>${response.status_code}</arg>
<arg>${expected_status}</arg>
<doc>Fails if objects are unequal after converting them to integers.</doc>
<status status="PASS" start="2025-09-22T15:48:59.717515" elapsed="0.000522"/>
</kw>
<arg>${response}</arg>
<arg>200</arg>
<doc>Valida se o status code está correto</doc>
<status status="PASS" start="2025-09-22T15:48:59.717167" elapsed="0.000932"/>
</kw>
<kw name="Log To Console" owner="BuiltIn">
<arg>Lista de bookings: ${response.json()}</arg>
<doc>Logs the given message to the console.</doc>
<status status="PASS" start="2025-09-22T15:48:59.718497" elapsed="0.007168"/>
</kw>
<doc>Este teste faz um GET para listar todos os booking IDs existentes</doc>
<status status="PASS" start="2025-09-22T15:48:58.956688" elapsed="0.769346"/>
</test>
<test id="s1-s1-t2" name="POST Create Booking" line="21">
<kw name="Criar Sessao Booker">
<kw name="Create Session" owner="RequestsLibrary">
<msg time="2025-09-22T15:48:59.727686" level="INFO">Creating Session using : alias=booker, url=https://restful-booker.herokuapp.com/, headers={},                     cookies={}, auth=None, timeout=None, proxies=None, verify=False,                     debug=0 </msg>
<arg>booker</arg>
<arg>${BASE_URL}</arg>
<doc>Create Session: create a HTTP session to a server</doc>
<status status="PASS" start="2025-09-22T15:48:59.727570" elapsed="0.000243"/>
</kw>
<doc>Cria uma sessão HTTP para a API do Booker</doc>
<status status="PASS" start="2025-09-22T15:48:59.727363" elapsed="0.000505"/>
</kw>
<kw name="Criar Dados do Booking">
<kw name="Create Dictionary" owner="BuiltIn">
<msg time="2025-09-22T15:48:59.728819" level="INFO">${booking_dates} = {'checkin': '2025-09-20', 'checkout': '2025-09-25'}</msg>
<var>${booking_dates}</var>
<arg>checkin=${checkin}</arg>
<arg>checkout=${checkout}</arg>
<doc>Creates and returns a dictionary based on the given ``items``.</doc>
<status status="PASS" start="2025-09-22T15:48:59.728529" elapsed="0.000317"/>
</kw>
<kw name="Create Dictionary" owner="BuiltIn">
<msg time="2025-09-22T15:48:59.729255" level="INFO">${booking_data} = {'firstname': 'Kaua', 'lastname': 'Silva', 'totalprice': '123', 'depositpaid': True, 'bookingdates': {'checkin': '2025-09-20', 'checkout': '2025-09-25'}, 'additionalneeds': 'Breakfast'}</msg>
<var>${booking_data}</var>
<arg>firstname=${firstname}</arg>
<arg>lastname=${lastname}</arg>
<arg>totalprice=${totalprice}</arg>
<arg>depositpaid=${depositpaid}</arg>
<arg>bookingdates=${booking_dates}</arg>
<arg>additionalneeds=${additionalneeds}</arg>
<doc>Creates and returns a dictionary based on the given ``items``.</doc>
<status status="PASS" start="2025-09-22T15:48:59.728935" elapsed="0.000342"/>
</kw>
<return>
<value>${booking_data}</value>
<status status="PASS" start="2025-09-22T15:48:59.729330" elapsed="0.000037"/>
</return>
<msg time="2025-09-22T15:48:59.729471" level="INFO">${booking_data} = {'firstname': 'Kaua', 'lastname': 'Silva', 'totalprice': '123', 'depositpaid': True, 'bookingdates': {'checkin': '2025-09-20', 'checkout': '2025-09-25'}, 'additionalneeds': 'Breakfast'}</msg>
<var>${booking_data}</var>
<arg>Kaua</arg>
<arg>Silva</arg>
<arg>123</arg>
<arg>${True}</arg>
<arg>2025-09-20</arg>
<arg>2025-09-25</arg>
<arg>Breakfast</arg>
<doc>Cria o dicionário com os dados do booking</doc>
<status status="PASS" start="2025-09-22T15:48:59.728231" elapsed="0.001264"/>
</kw>
<kw name="Criar Booking">
<kw name="POST On Session" owner="RequestsLibrary">
<msg time="2025-09-22T15:49:00.177199" level="INFO">POST Request : url=https://restful-booker.herokuapp.com/booking 
 path_url=/booking 
 headers={'User-Agent': 'python-requests/2.32.5', 'Accept-Encoding': 'gzip, deflate', 'Accept': '*/*', 'Connection': 'keep-alive', 'Content-Length': '185', 'Content-Type': 'application/json'} 
 body=b'{"firstname": "Kaua", "lastname": "Silva", "totalprice": "123", "depositpaid": true, "bookingdates": {"checkin": "2025-09-20", "checkout": "2025-09-25"}, "additionalneeds": "Breakfast"}' 
 </msg>
<msg time="2025-09-22T15:49:00.177321" level="INFO">POST Response : url=https://restful-booker.herokuapp.com/booking 
 status=200, reason=OK 
 headers={'Content-Length': '198', 'Content-Type': 'application/json; charset=utf-8', 'Date': 'Mon, 22 Sep 2025 18:49:00 GMT', 'Etag': 'W/"c6-xGnOCP0wFoEKmlmnOhXtn+WB28w"', 'Nel': '{"report_to":"heroku-nel","response_headers":["Via"],"max_age":3600,"success_fraction":0.01,"failure_fraction":0.1}', 'Report-To': '{"group":"heroku-nel","endpoints":[{"url":"https://nel.heroku.com/reports?s=C26hEPSPHnef%2BewZnHkgShWCqZS1IlnbEfFsgow3VCI%3D\\u0026sid=c46efe9b-d3d2-4a0c-8c76-bfafa16c5add\\u0026ts=1758566940"}],"max_age":3600}', 'Reporting-Endpoints': 'heroku-nel="https://nel.heroku.com/reports?s=C26hEPSPHnef%2BewZnHkgShWCqZS1IlnbEfFsgow3VCI%3D&amp;sid=c46efe9b-d3d2-4a0c-8c76-bfafa16c5add&amp;ts=1758566940"', 'Server': 'Heroku', 'Via': '1.1 heroku-router', 'X-Powered-By': 'Express'} 
 body={"bookingid":4240,"booking":{"firstname":"Kaua","lastname":"Silva","totalprice":123,"depositpaid":true,"bookingdates":{"checkin":"2025-09-20","checkout":"2025-09-25"},"additionalneeds":"Breakfast"}} 
 </msg>
<msg time="2025-09-22T15:49:00.177415" level="INFO">C:\Users\kauar\AppData\Local\Programs\Python\Python313\Lib\site-packages\urllib3\connectionpool.py:1097: InsecureRequestWarning: Unverified HTTPS request is being made to host 'restful-booker.herokuapp.com'. Adding certificate verification is strongly advised. See: https://urllib3.readthedocs.io/en/latest/advanced-usage.html#tls-warnings
  warnings.warn(</msg>
<msg time="2025-09-22T15:49:00.177776" level="INFO">${response} = &lt;Response [200]&gt;</msg>
<var>${response}</var>
<arg>booker</arg>
<arg>/booking</arg>
<arg>json=${booking_data}</arg>
<doc>Sends a POST request on a previously created HTTP Session.</doc>
<status status="PASS" start="2025-09-22T15:48:59.730076" elapsed="0.447745"/>
</kw>
<return>
<value>${response}</value>
<status status="PASS" start="2025-09-22T15:49:00.177927" elapsed="0.000058"/>
</return>
<msg time="2025-09-22T15:49:00.178215" level="INFO">${response} = &lt;Response [200]&gt;</msg>
<var>${response}</var>
<arg>${booking_data}</arg>
<doc>Faz POST para criar um novo booking</doc>
<status status="PASS" start="2025-09-22T15:48:59.729863" elapsed="0.448386"/>
</kw>
<kw name="Validar Status Code Criacao">
<kw name="Should Be True" owner="BuiltIn">
<arg>${response.status_code} == 200 or ${response.status_code} == 201</arg>
<doc>Fails if the given condition is not true.</doc>
<status status="PASS" start="2025-09-22T15:49:00.178867" elapsed="0.001506"/>
</kw>
<arg>${response}</arg>
<doc>Valida se o status code de criação está correto (200 ou 201)</doc>
<status status="PASS" start="2025-09-22T15:49:00.178532" elapsed="0.001970"/>
</kw>
<kw name="Extrair Booking ID">
<kw name="Set Variable" owner="BuiltIn">
<msg time="2025-09-22T15:49:00.182312" level="INFO">${booking_id} = 4240</msg>
<var>${booking_id}</var>
<arg>${response.json()['bookingid']}</arg>
<doc>Returns the given values which can then be assigned to a variables.</doc>
<status status="PASS" start="2025-09-22T15:49:00.181608" elapsed="0.000748"/>
</kw>
<return>
<value>${booking_id}</value>
<status status="PASS" start="2025-09-22T15:49:00.182451" elapsed="0.000053"/>
</return>
<msg time="2025-09-22T15:49:00.182674" level="INFO">${booking_id} = 4240</msg>
<var>${booking_id}</var>
<arg>${response}</arg>
<doc>Extrai o ID do booking da resposta</doc>
<status status="PASS" start="2025-09-22T15:49:00.181137" elapsed="0.001569"/>
</kw>
<kw name="Log To Console" owner="BuiltIn">
<arg>ID do booking criado: ${booking_id}</arg>
<doc>Logs the given message to the console.</doc>
<status status="PASS" start="2025-09-22T15:49:00.182977" elapsed="0.000470"/>
</kw>
<kw name="Set Global Variable" owner="BuiltIn">
<msg time="2025-09-22T15:49:00.184070" level="INFO">${BOOKING_ID} = 4240</msg>
<arg>${BOOKING_ID}</arg>
<arg>${booking_id}</arg>
<doc>Makes a variable available globally in all tests and suites.</doc>
<status status="PASS" start="2025-09-22T15:49:00.183728" elapsed="0.000439"/>
</kw>
<doc>Este teste cria um novo booking usando POST</doc>
<status status="PASS" start="2025-09-22T15:48:59.726873" elapsed="0.460774"/>
</test>
<test id="s1-s1-t3" name="GET Booking por ID" line="31">
<kw name="Criar Sessao Booker">
<kw name="Create Session" owner="RequestsLibrary">
<msg time="2025-09-22T15:49:00.211579" level="INFO">Creating Session using : alias=booker, url=https://restful-booker.herokuapp.com/, headers={},                     cookies={}, auth=None, timeout=None, proxies=None, verify=False,                     debug=0 </msg>
<arg>booker</arg>
<arg>${BASE_URL}</arg>
<doc>Create Session: create a HTTP session to a server</doc>
<status status="PASS" start="2025-09-22T15:49:00.204381" elapsed="0.008576"/>
</kw>
<doc>Cria uma sessão HTTP para a API do Booker</doc>
<status status="PASS" start="2025-09-22T15:49:00.199835" elapsed="0.013257"/>
</kw>
<kw name="Buscar Booking por ID">
<kw name="GET On Session" owner="RequestsLibrary">
<msg time="2025-09-22T15:49:00.700920" level="INFO">GET Request : url=https://restful-booker.herokuapp.com/booking/4240 
 path_url=/booking/4240 
 headers={'User-Agent': 'python-requests/2.32.5', 'Accept-Encoding': 'gzip, deflate', 'Accept': '*/*', 'Connection': 'keep-alive'} 
 body=None 
 </msg>
<msg time="2025-09-22T15:49:00.701074" level="INFO">GET Response : url=https://restful-booker.herokuapp.com/booking/4240 
 status=200, reason=OK 
 headers={'Content-Length': '169', 'Content-Type': 'application/json; charset=utf-8', 'Date': 'Mon, 22 Sep 2025 18:49:00 GMT', 'Etag': 'W/"a9-LKdNu8EUbUc1/dRkJ0h7T0wzC1s"', 'Nel': '{"report_to":"heroku-nel","response_headers":["Via"],"max_age":3600,"success_fraction":0.01,"failure_fraction":0.1}', 'Report-To': '{"group":"heroku-nel","endpoints":[{"url":"https://nel.heroku.com/reports?s=C26hEPSPHnef%2BewZnHkgShWCqZS1IlnbEfFsgow3VCI%3D\\u0026sid=c46efe9b-d3d2-4a0c-8c76-bfafa16c5add\\u0026ts=1758566940"}],"max_age":3600}', 'Reporting-Endpoints': 'heroku-nel="https://nel.heroku.com/reports?s=C26hEPSPHnef%2BewZnHkgShWCqZS1IlnbEfFsgow3VCI%3D&amp;sid=c46efe9b-d3d2-4a0c-8c76-bfafa16c5add&amp;ts=1758566940"', 'Server': 'Heroku', 'Via': '1.1 heroku-router', 'X-Powered-By': 'Express'} 
 body={"firstname":"Kaua","lastname":"Silva","totalprice":123,"depositpaid":true,"bookingdates":{"checkin":"2025-09-20","checkout":"2025-09-25"},"additionalneeds":"Breakfast"} 
 </msg>
<msg time="2025-09-22T15:49:00.701214" level="INFO">C:\Users\kauar\AppData\Local\Programs\Python\Python313\Lib\site-packages\urllib3\connectionpool.py:1097: InsecureRequestWarning: Unverified HTTPS request is being made to host 'restful-booker.herokuapp.com'. Adding certificate verification is strongly advised. See: https://urllib3.readthedocs.io/en/latest/advanced-usage.html#tls-warnings
  warnings.warn(</msg>
<msg time="2025-09-22T15:49:00.701927" level="INFO">${response} = &lt;Response [200]&gt;</msg>
<var>${response}</var>
<arg>booker</arg>
<arg>/booking/${booking_id}</arg>
<doc>Sends a GET request on a previously created HTTP Session.</doc>
<status status="PASS" start="2025-09-22T15:49:00.219801" elapsed="0.482200"/>
</kw>
<return>
<value>${response}</value>
<status status="PASS" start="2025-09-22T15:49:00.702136" elapsed="0.000074"/>
</return>
<msg time="2025-09-22T15:49:00.702474" level="INFO">${response} = &lt;Response [200]&gt;</msg>
<var>${response}</var>
<arg>${BOOKING_ID}</arg>
<doc>Busca um booking específico por ID</doc>
<status status="PASS" start="2025-09-22T15:49:00.213478" elapsed="0.489046"/>
</kw>
<kw name="Validar Status Code">
<kw name="Should Be Equal As Integers" owner="BuiltIn">
<msg time="2025-09-22T15:49:00.704452" level="INFO">Argument types are:
&lt;class 'int'&gt;
&lt;class 'str'&gt;</msg>
<arg>${response.status_code}</arg>
<arg>${expected_status}</arg>
<doc>Fails if objects are unequal after converting them to integers.</doc>
<status status="PASS" start="2025-09-22T15:49:00.703728" elapsed="0.000810"/>
</kw>
<arg>${response}</arg>
<arg>200</arg>
<doc>Valida se o status code está correto</doc>
<status status="PASS" start="2025-09-22T15:49:00.703166" elapsed="0.001458"/>
</kw>
<kw name="Validar Dados do Booking">
<kw name="Should Be Equal" owner="BuiltIn">
<arg>${response.json()['firstname']}</arg>
<arg>${expected_firstname}</arg>
<doc>Fails if the given objects are unequal.</doc>
<status status="PASS" start="2025-09-22T15:49:00.705371" elapsed="0.000653"/>
</kw>
<kw name="Should Be Equal" owner="BuiltIn">
<arg>${response.json()['lastname']}</arg>
<arg>${expected_lastname}</arg>
<doc>Fails if the given objects are unequal.</doc>
<status status="PASS" start="2025-09-22T15:49:00.706168" elapsed="0.000398"/>
</kw>
<arg>${response}</arg>
<arg>Kaua</arg>
<arg>Silva</arg>
<doc>Valida se os dados do booking estão corretos</doc>
<status status="PASS" start="2025-09-22T15:49:00.704970" elapsed="0.001653"/>
</kw>
<kw name="Log To Console" owner="BuiltIn">
<arg>Booking encontrado: ${response.json()}</arg>
<doc>Logs the given message to the console.</doc>
<status status="PASS" start="2025-09-22T15:49:00.706953" elapsed="0.000706"/>
</kw>
<doc>Este teste busca um booking específico por ID</doc>
<status status="PASS" start="2025-09-22T15:49:00.198082" elapsed="0.509846"/>
</test>
<test id="s1-s1-t4" name="PUT Update Booking" line="39">
<kw name="Criar Sessao Booker">
<kw name="Create Session" owner="RequestsLibrary">
<msg time="2025-09-22T15:49:00.709778" level="INFO">Creating Session using : alias=booker, url=https://restful-booker.herokuapp.com/, headers={},                     cookies={}, auth=None, timeout=None, proxies=None, verify=False,                     debug=0 </msg>
<arg>booker</arg>
<arg>${BASE_URL}</arg>
<doc>Create Session: create a HTTP session to a server</doc>
<status status="PASS" start="2025-09-22T15:49:00.709643" elapsed="0.000283"/>
</kw>
<doc>Cria uma sessão HTTP para a API do Booker</doc>
<status status="PASS" start="2025-09-22T15:49:00.709381" elapsed="0.000614"/>
</kw>
<kw name="Criar Token de Autenticacao">
<kw name="Create Dictionary" owner="BuiltIn">
<msg time="2025-09-22T15:49:00.710768" level="INFO">${auth_data} = {'username': 'admin', 'password': 'password123'}</msg>
<var>${auth_data}</var>
<arg>username=${USERNAME}</arg>
<arg>password=${PASSWORD}</arg>
<doc>Creates and returns a dictionary based on the given ``items``.</doc>
<status status="PASS" start="2025-09-22T15:49:00.710552" elapsed="0.000240"/>
</kw>
<kw name="POST On Session" owner="RequestsLibrary">
<msg time="2025-09-22T15:49:01.168132" level="INFO">POST Request : url=https://restful-booker.herokuapp.com/auth 
 path_url=/auth 
 headers={'User-Agent': 'python-requests/2.32.5', 'Accept-Encoding': 'gzip, deflate', 'Accept': '*/*', 'Connection': 'keep-alive', 'Content-Length': '48', 'Content-Type': 'application/json'} 
 body=b'{"username": "admin", "password": "password123"}' 
 </msg>
<msg time="2025-09-22T15:49:01.168416" level="INFO">POST Response : url=https://restful-booker.herokuapp.com/auth 
 status=200, reason=OK 
 headers={'Content-Length': '27', 'Content-Type': 'application/json; charset=utf-8', 'Date': 'Mon, 22 Sep 2025 18:49:01 GMT', 'Etag': 'W/"1b-qDZ8jSjiyMOYVZuJLQUsCOiyy1Q"', 'Nel': '{"report_to":"heroku-nel","response_headers":["Via"],"max_age":3600,"success_fraction":0.01,"failure_fraction":0.1}', 'Report-To': '{"group":"heroku-nel","endpoints":[{"url":"https://nel.heroku.com/reports?s=FXMrfccl%2B8hFu6Ygi9HNhwtzsKI90ClHGkPukgdJX%2FI%3D\\u0026sid=c46efe9b-d3d2-4a0c-8c76-bfafa16c5add\\u0026ts=1758566941"}],"max_age":3600}', 'Reporting-Endpoints': 'heroku-nel="https://nel.heroku.com/reports?s=FXMrfccl%2B8hFu6Ygi9HNhwtzsKI90ClHGkPukgdJX%2FI%3D&amp;sid=c46efe9b-d3d2-4a0c-8c76-bfafa16c5add&amp;ts=1758566941"', 'Server': 'Heroku', 'Via': '1.1 heroku-router', 'X-Powered-By': 'Express'} 
 body={"token":"52cbdd494743935"} 
 </msg>
<msg time="2025-09-22T15:49:01.168485" level="INFO">C:\Users\kauar\AppData\Local\Programs\Python\Python313\Lib\site-packages\urllib3\connectionpool.py:1097: InsecureRequestWarning: Unverified HTTPS request is being made to host 'restful-booker.herokuapp.com'. Adding certificate verification is strongly advised. See: https://urllib3.readthedocs.io/en/latest/advanced-usage.html#tls-warnings
  warnings.warn(</msg>
<msg time="2025-09-22T15:49:01.168888" level="INFO">${response} = &lt;Response [200]&gt;</msg>
<var>${response}</var>
<arg>booker</arg>
<arg>/auth</arg>
<arg>json=${auth_data}</arg>
<doc>Sends a POST request on a previously created HTTP Session.</doc>
<status status="PASS" start="2025-09-22T15:49:00.710873" elapsed="0.458045"/>
</kw>
<kw name="Set Variable" owner="BuiltIn">
<msg time="2025-09-22T15:49:01.169485" level="INFO">${token} = 52cbdd494743935</msg>
<var>${token}</var>
<arg>${response.json()['token']}</arg>
<doc>Returns the given values which can then be assigned to a variables.</doc>
<status status="PASS" start="2025-09-22T15:49:01.169051" elapsed="0.000457"/>
</kw>
<return>
<value>${token}</value>
<status status="PASS" start="2025-09-22T15:49:01.169555" elapsed="0.000030"/>
</return>
<msg time="2025-09-22T15:49:01.169683" level="INFO">${token} = 52cbdd494743935</msg>
<var>${token}</var>
<doc>Cria token de autenticação para operações PUT/DELETE</doc>
<status status="PASS" start="2025-09-22T15:49:00.710350" elapsed="0.459353"/>
</kw>
<kw name="Criar Dados do Booking">
<kw name="Create Dictionary" owner="BuiltIn">
<msg time="2025-09-22T15:49:01.170605" level="INFO">${booking_dates} = {'checkin': '2025-10-01', 'checkout': '2025-10-05'}</msg>
<var>${booking_dates}</var>
<arg>checkin=${checkin}</arg>
<arg>checkout=${checkout}</arg>
<doc>Creates and returns a dictionary based on the given ``items``.</doc>
<status status="PASS" start="2025-09-22T15:49:01.170408" elapsed="0.000220"/>
</kw>
<kw name="Create Dictionary" owner="BuiltIn">
<msg time="2025-09-22T15:49:01.171016" level="INFO">${booking_data} = {'firstname': 'João', 'lastname': 'Santos', 'totalprice': '200', 'depositpaid': False, 'bookingdates': {'checkin': '2025-10-01', 'checkout': '2025-10-05'}, 'additionalneeds': 'Lunch'}</msg>
<var>${booking_data}</var>
<arg>firstname=${firstname}</arg>
<arg>lastname=${lastname}</arg>
<arg>totalprice=${totalprice}</arg>
<arg>depositpaid=${depositpaid}</arg>
<arg>bookingdates=${booking_dates}</arg>
<arg>additionalneeds=${additionalneeds}</arg>
<doc>Creates and returns a dictionary based on the given ``items``.</doc>
<status status="PASS" start="2025-09-22T15:49:01.170716" elapsed="0.000322"/>
</kw>
<return>
<value>${booking_data}</value>
<status status="PASS" start="2025-09-22T15:49:01.171091" elapsed="0.000025"/>
</return>
<msg time="2025-09-22T15:49:01.171212" level="INFO">${booking_data} = {'firstname': 'João', 'lastname': 'Santos', 'totalprice': '200', 'depositpaid': False, 'bookingdates': {'checkin': '2025-10-01', 'checkout': '2025-10-05'}, 'additionalneeds': 'Lunch'}</msg>
<var>${booking_data}</var>
<arg>João</arg>
<arg>Santos</arg>
<arg>200</arg>
<arg>${False}</arg>
<arg>2025-10-01</arg>
<arg>2025-10-05</arg>
<arg>Lunch</arg>
<doc>Cria o dicionário com os dados do booking</doc>
<status status="PASS" start="2025-09-22T15:49:01.170111" elapsed="0.001121"/>
</kw>
<kw name="Atualizar Booking">
<kw name="Create Dictionary" owner="BuiltIn">
<msg time="2025-09-22T15:49:01.172038" level="INFO">${headers} = {'Cookie': 'token=52cbdd494743935'}</msg>
<var>${headers}</var>
<arg>Cookie=token=${token}</arg>
<doc>Creates and returns a dictionary based on the given ``items``.</doc>
<status status="PASS" start="2025-09-22T15:49:01.171860" elapsed="0.000201"/>
</kw>
<kw name="PUT On Session" owner="RequestsLibrary">
<msg time="2025-09-22T15:49:01.293968" level="INFO">PUT Request : url=https://restful-booker.herokuapp.com/booking/4240 
 path_url=/booking/4240 
 headers={'User-Agent': 'python-requests/2.32.5', 'Accept-Encoding': 'gzip, deflate', 'Accept': '*/*', 'Connection': 'keep-alive', 'Cookie': 'token=52cbdd494743935', 'Content-Length': '188', 'Content-Type': 'application/json'} 
 body=b'{"firstname": "Jo\\u00e3o", "lastname": "Santos", "totalprice": "200", "depositpaid": false, "bookingdates": {"checkin": "2025-10-01", "checkout": "2025-10-05"}, "additionalneeds": "Lunch"}' 
 </msg>
<msg time="2025-09-22T15:49:01.294043" level="INFO">PUT Response : url=https://restful-booker.herokuapp.com/booking/4240 
 status=200, reason=OK 
 headers={'Content-Length': '168', 'Content-Type': 'application/json; charset=utf-8', 'Date': 'Mon, 22 Sep 2025 18:49:01 GMT', 'Etag': 'W/"a8-gKPM3XAubdh372vb4/oLpu8xqvE"', 'Nel': '{"report_to":"heroku-nel","response_headers":["Via"],"max_age":3600,"success_fraction":0.01,"failure_fraction":0.1}', 'Report-To': '{"group":"heroku-nel","endpoints":[{"url":"https://nel.heroku.com/reports?s=FXMrfccl%2B8hFu6Ygi9HNhwtzsKI90ClHGkPukgdJX%2FI%3D\\u0026sid=c46efe9b-d3d2-4a0c-8c76-bfafa16c5add\\u0026ts=1758566941"}],"max_age":3600}', 'Reporting-Endpoints': 'heroku-nel="https://nel.heroku.com/reports?s=FXMrfccl%2B8hFu6Ygi9HNhwtzsKI90ClHGkPukgdJX%2FI%3D&amp;sid=c46efe9b-d3d2-4a0c-8c76-bfafa16c5add&amp;ts=1758566941"', 'Server': 'Heroku', 'Via': '1.1 heroku-router', 'X-Powered-By': 'Express'} 
 body={"firstname":"João","lastname":"Santos","totalprice":200,"depositpaid":false,"bookingdates":{"checkin":"2025-10-01","checkout":"2025-10-05"},"additionalneeds":"Lunch"} 
 </msg>
<msg time="2025-09-22T15:49:01.294101" level="INFO">C:\Users\kauar\AppData\Local\Programs\Python\Python313\Lib\site-packages\urllib3\connectionpool.py:1097: InsecureRequestWarning: Unverified HTTPS request is being made to host 'restful-booker.herokuapp.com'. Adding certificate verification is strongly advised. See: https://urllib3.readthedocs.io/en/latest/advanced-usage.html#tls-warnings
  warnings.warn(</msg>
<msg time="2025-09-22T15:49:01.294578" level="INFO">${response} = &lt;Response [200]&gt;</msg>
<var>${response}</var>
<arg>booker</arg>
<arg>/booking/${booking_id}</arg>
<arg>json=${booking_data}</arg>
<arg>headers=${headers}</arg>
<doc>Sends a PUT request on a previously created HTTP Session.</doc>
<status status="PASS" start="2025-09-22T15:49:01.172139" elapsed="0.122474"/>
</kw>
<return>
<value>${response}</value>
<status status="PASS" start="2025-09-22T15:49:01.294680" elapsed="0.000038"/>
</return>
<msg time="2025-09-22T15:49:01.294831" level="INFO">${response} = &lt;Response [200]&gt;</msg>
<var>${response}</var>
<arg>${BOOKING_ID}</arg>
<arg>${booking_data}</arg>
<arg>${token}</arg>
<doc>Atualiza um booking existente</doc>
<status status="PASS" start="2025-09-22T15:49:01.171584" elapsed="0.123267"/>
</kw>
<kw name="Validar Status Code">
<kw name="Should Be Equal As Integers" owner="BuiltIn">
<msg time="2025-09-22T15:49:01.295786" level="INFO">Argument types are:
&lt;class 'int'&gt;
&lt;class 'str'&gt;</msg>
<arg>${response.status_code}</arg>
<arg>${expected_status}</arg>
<doc>Fails if objects are unequal after converting them to integers.</doc>
<status status="PASS" start="2025-09-22T15:49:01.295419" elapsed="0.000413"/>
</kw>
<arg>${response}</arg>
<arg>200</arg>
<doc>Valida se o status code está correto</doc>
<status status="PASS" start="2025-09-22T15:49:01.295174" elapsed="0.000763"/>
</kw>
<kw name="Validar Dados do Booking">
<kw name="Should Be Equal" owner="BuiltIn">
<arg>${response.json()['firstname']}</arg>
<arg>${expected_firstname}</arg>
<doc>Fails if the given objects are unequal.</doc>
<status status="PASS" start="2025-09-22T15:49:01.296616" elapsed="0.000438"/>
</kw>
<kw name="Should Be Equal" owner="BuiltIn">
<arg>${response.json()['lastname']}</arg>
<arg>${expected_lastname}</arg>
<doc>Fails if the given objects are unequal.</doc>
<status status="PASS" start="2025-09-22T15:49:01.297146" elapsed="0.000401"/>
</kw>
<arg>${response}</arg>
<arg>João</arg>
<arg>Santos</arg>
<doc>Valida se os dados do booking estão corretos</doc>
<status status="PASS" start="2025-09-22T15:49:01.296245" elapsed="0.001357"/>
</kw>
<kw name="Log To Console" owner="BuiltIn">
<arg>Booking atualizado: ${response.json()}</arg>
<doc>Logs the given message to the console.</doc>
<status status="PASS" start="2025-09-22T15:49:01.297915" elapsed="0.000694"/>
</kw>
<doc>Este teste atualiza um booking existente</doc>
<status status="PASS" start="2025-09-22T15:49:00.708736" elapsed="0.590126"/>
</test>
<test id="s1-s1-t5" name="DELETE Booking" line="49">
<kw name="Criar Sessao Booker">
<kw name="Create Session" owner="RequestsLibrary">
<msg time="2025-09-22T15:49:01.300614" level="INFO">Creating Session using : alias=booker, url=https://restful-booker.herokuapp.com/, headers={},                     cookies={}, auth=None, timeout=None, proxies=None, verify=False,                     debug=0 </msg>
<arg>booker</arg>
<arg>${BASE_URL}</arg>
<doc>Create Session: create a HTTP session to a server</doc>
<status status="PASS" start="2025-09-22T15:49:01.300383" elapsed="0.000368"/>
</kw>
<doc>Cria uma sessão HTTP para a API do Booker</doc>
<status status="PASS" start="2025-09-22T15:49:01.300166" elapsed="0.000643"/>
</kw>
<kw name="Criar Token de Autenticacao">
<kw name="Create Dictionary" owner="BuiltIn">
<msg time="2025-09-22T15:49:01.302782" level="INFO">${auth_data} = {'username': 'admin', 'password': 'password123'}</msg>
<var>${auth_data}</var>
<arg>username=${USERNAME}</arg>
<arg>password=${PASSWORD}</arg>
<doc>Creates and returns a dictionary based on the given ``items``.</doc>
<status status="PASS" start="2025-09-22T15:49:01.301643" elapsed="0.001189"/>
</kw>
<kw name="POST On Session" owner="RequestsLibrary">
<msg time="2025-09-22T15:49:01.751689" level="INFO">POST Request : url=https://restful-booker.herokuapp.com/auth 
 path_url=/auth 
 headers={'User-Agent': 'python-requests/2.32.5', 'Accept-Encoding': 'gzip, deflate', 'Accept': '*/*', 'Connection': 'keep-alive', 'Content-Length': '48', 'Content-Type': 'application/json'} 
 body=b'{"username": "admin", "password": "password123"}' 
 </msg>
<msg time="2025-09-22T15:49:01.751793" level="INFO">POST Response : url=https://restful-booker.herokuapp.com/auth 
 status=200, reason=OK 
 headers={'Content-Length': '27', 'Content-Type': 'application/json; charset=utf-8', 'Date': 'Mon, 22 Sep 2025 18:49:01 GMT', 'Etag': 'W/"1b-GqWE1sxuJB4Xwy1NxRVwlppFuNc"', 'Nel': '{"report_to":"heroku-nel","response_headers":["Via"],"max_age":3600,"success_fraction":0.01,"failure_fraction":0.1}', 'Report-To': '{"group":"heroku-nel","endpoints":[{"url":"https://nel.heroku.com/reports?s=FXMrfccl%2B8hFu6Ygi9HNhwtzsKI90ClHGkPukgdJX%2FI%3D\\u0026sid=c46efe9b-d3d2-4a0c-8c76-bfafa16c5add\\u0026ts=1758566941"}],"max_age":3600}', 'Reporting-Endpoints': 'heroku-nel="https://nel.heroku.com/reports?s=FXMrfccl%2B8hFu6Ygi9HNhwtzsKI90ClHGkPukgdJX%2FI%3D&amp;sid=c46efe9b-d3d2-4a0c-8c76-bfafa16c5add&amp;ts=1758566941"', 'Server': 'Heroku', 'Via': '1.1 heroku-router', 'X-Powered-By': 'Express'} 
 body={"token":"6a318f05c785e8a"} 
 </msg>
<msg time="2025-09-22T15:49:01.751887" level="INFO">C:\Users\kauar\AppData\Local\Programs\Python\Python313\Lib\site-packages\urllib3\connectionpool.py:1097: InsecureRequestWarning: Unverified HTTPS request is being made to host 'restful-booker.herokuapp.com'. Adding certificate verification is strongly advised. See: https://urllib3.readthedocs.io/en/latest/advanced-usage.html#tls-warnings
  warnings.warn(</msg>
<msg time="2025-09-22T15:49:01.752449" level="INFO">${response} = &lt;Response [200]&gt;</msg>
<var>${response}</var>
<arg>booker</arg>
<arg>/auth</arg>
<arg>json=${auth_data}</arg>
<doc>Sends a POST request on a previously created HTTP Session.</doc>
<status status="PASS" start="2025-09-22T15:49:01.302992" elapsed="0.449505"/>
</kw>
<kw name="Set Variable" owner="BuiltIn">
<msg time="2025-09-22T15:49:01.753320" level="INFO">${token} = 6a318f05c785e8a</msg>
<var>${token}</var>
<arg>${response.json()['token']}</arg>
<doc>Returns the given values which can then be assigned to a variables.</doc>
<status status="PASS" start="2025-09-22T15:49:01.752684" elapsed="0.000674"/>
</kw>
<return>
<value>${token}</value>
<status status="PASS" start="2025-09-22T15:49:01.753428" elapsed="0.000044"/>
</return>
<msg time="2025-09-22T15:49:01.753633" level="INFO">${token} = 6a318f05c785e8a</msg>
<var>${token}</var>
<doc>Cria token de autenticação para operações PUT/DELETE</doc>
<status status="PASS" start="2025-09-22T15:49:01.301247" elapsed="0.452418"/>
</kw>
<kw name="Deletar Booking">
<kw name="Create Dictionary" owner="BuiltIn">
<msg time="2025-09-22T15:49:01.754944" level="INFO">${headers} = {'Cookie': 'token=6a318f05c785e8a'}</msg>
<var>${headers}</var>
<arg>Cookie=token=${token}</arg>
<doc>Creates and returns a dictionary based on the given ``items``.</doc>
<status status="PASS" start="2025-09-22T15:49:01.754658" elapsed="0.000325"/>
</kw>
<kw name="DELETE On Session" owner="RequestsLibrary">
<msg time="2025-09-22T15:49:01.867047" level="INFO">DELETE Request : url=https://restful-booker.herokuapp.com/booking/4240 
 path_url=/booking/4240 
 headers={'User-Agent': 'python-requests/2.32.5', 'Accept-Encoding': 'gzip, deflate', 'Accept': '*/*', 'Connection': 'keep-alive', 'Cookie': 'token=6a318f05c785e8a', 'Content-Length': '0'} 
 body=None 
 </msg>
<msg time="2025-09-22T15:49:01.867152" level="INFO">DELETE Response : url=https://restful-booker.herokuapp.com/booking/4240 
 status=201, reason=Created 
 headers={'Content-Length': '7', 'Content-Type': 'text/plain; charset=utf-8', 'Date': 'Mon, 22 Sep 2025 18:49:01 GMT', 'Etag': 'W/"7-rM9AyJuqT6iOan/xHh+AW+7K/T8"', 'Nel': '{"report_to":"heroku-nel","response_headers":["Via"],"max_age":3600,"success_fraction":0.01,"failure_fraction":0.1}', 'Report-To': '{"group":"heroku-nel","endpoints":[{"url":"https://nel.heroku.com/reports?s=FXMrfccl%2B8hFu6Ygi9HNhwtzsKI90ClHGkPukgdJX%2FI%3D\\u0026sid=c46efe9b-d3d2-4a0c-8c76-bfafa16c5add\\u0026ts=1758566941"}],"max_age":3600}', 'Reporting-Endpoints': 'heroku-nel="https://nel.heroku.com/reports?s=FXMrfccl%2B8hFu6Ygi9HNhwtzsKI90ClHGkPukgdJX%2FI%3D&amp;sid=c46efe9b-d3d2-4a0c-8c76-bfafa16c5add&amp;ts=1758566941"', 'Server': 'Heroku', 'Via': '1.1 heroku-router', 'X-Powered-By': 'Express'} 
 body=Created 
 </msg>
<msg time="2025-09-22T15:49:01.867207" level="INFO">C:\Users\kauar\AppData\Local\Programs\Python\Python313\Lib\site-packages\urllib3\connectionpool.py:1097: InsecureRequestWarning: Unverified HTTPS request is being made to host 'restful-booker.herokuapp.com'. Adding certificate verification is strongly advised. See: https://urllib3.readthedocs.io/en/latest/advanced-usage.html#tls-warnings
  warnings.warn(</msg>
<msg time="2025-09-22T15:49:01.867672" level="INFO">${response} = &lt;Response [201]&gt;</msg>
<var>${response}</var>
<arg>booker</arg>
<arg>/booking/${booking_id}</arg>
<arg>headers=${headers}</arg>
<doc>Sends a DELETE request on a previously created HTTP Session.</doc>
<status status="PASS" start="2025-09-22T15:49:01.755109" elapsed="0.112598"/>
</kw>
<return>
<value>${response}</value>
<status status="PASS" start="2025-09-22T15:49:01.867772" elapsed="0.000035"/>
</return>
<msg time="2025-09-22T15:49:01.867919" level="INFO">${response} = &lt;Response [201]&gt;</msg>
<var>${response}</var>
<arg>${BOOKING_ID}</arg>
<arg>${token}</arg>
<doc>Deleta um booking</doc>
<status status="PASS" start="2025-09-22T15:49:01.754238" elapsed="0.113763"/>
</kw>
<kw name="Validar Status Code">
<kw name="Should Be Equal As Integers" owner="BuiltIn">
<msg time="2025-09-22T15:49:01.869036" level="INFO">Argument types are:
&lt;class 'int'&gt;
&lt;class 'str'&gt;</msg>
<arg>${response.status_code}</arg>
<arg>${expected_status}</arg>
<doc>Fails if objects are unequal after converting them to integers.</doc>
<status status="PASS" start="2025-09-22T15:49:01.868633" elapsed="0.000454"/>
</kw>
<arg>${response}</arg>
<arg>201</arg>
<doc>Valida se o status code está correto</doc>
<status status="PASS" start="2025-09-22T15:49:01.868369" elapsed="0.000772"/>
</kw>
<kw name="Log To Console" owner="BuiltIn">
<arg>Booking deletado com sucesso</arg>
<doc>Logs the given message to the console.</doc>
<status status="PASS" start="2025-09-22T15:49:01.869464" elapsed="0.000393"/>
</kw>
<doc>Este teste deleta um booking</doc>
<status status="PASS" start="2025-09-22T15:49:01.299718" elapsed="0.570439"/>
</test>
<status status="PASS" start="2025-09-22T15:48:58.822816" elapsed="3.048353"/>
</suite>
<status status="PASS" start="2025-09-22T15:48:58.788315" elapsed="3.083953"/>
</suite>
<statistics>
<total>
<stat pass="5" fail="0" skip="0">All Tests</stat>
</total>
<tag>
</tag>
<suite>
<stat name="Src" id="s1" pass="5" fail="0" skip="0">Src</stat>
<stat name="Booker Test" id="s1-s1" pass="5" fail="0" skip="0">Src.Booker Test</stat>
</suite>
</statistics>
<errors>
</errors>
</robot>
