<?xml version="1.0" encoding="UTF-8"?>
<robot generator="Robot 7.3.2 (Python 3.13.7 on win32)" generated="2025-09-18T11:37:43.541810" rpa="false" schemaversion="5">
<suite id="s1" name="Booker Test" source="C:\Users\kauar\OneDrive\Área de Trabalho\qa-restful-booker\src\booker_test.robot">
<test id="s1-t1" name="GET todos os Bookings" line="11">
<kw name="Create Session" owner="RequestsLibrary">
<msg time="2025-09-18T11:37:43.769956" level="INFO">Creating Session using : alias=booker, url=https://restful-booker.herokuapp.com/, headers={},                     cookies={}, auth=None, timeout=None, proxies=None, verify=False,                     debug=0 </msg>
<arg>alias=booker</arg>
<arg>url=${BASE_URL}</arg>
<doc>Create Session: create a HTTP session to a server</doc>
<status status="PASS" start="2025-09-18T11:37:43.769658" elapsed="0.000534"/>
</kw>
<kw name="GET On Session" owner="RequestsLibrary">
<msg time="2025-09-18T11:37:44.599857" level="INFO">GET Request : url=https://restful-booker.herokuapp.com/booking 
 path_url=/booking 
 headers={'User-Agent': 'python-requests/2.32.5', 'Accept-Encoding': 'gzip, deflate', 'Accept': '*/*', 'Connection': 'keep-alive'} 
 body=None 
 </msg>
<msg time="2025-09-18T11:37:44.600283" level="INFO">GET Response : url=https://restful-booker.herokuapp.com/booking 
 status=200, reason=OK 
 headers={'Content-Length': '44535', 'Content-Type': 'application/json; charset=utf-8', 'Date': 'Thu, 18 Sep 2025 14:37:44 GMT', 'Etag': 'W/"adf7-AGrL1+X2fSODBRfiFmJWbOU0wYc"', 'Nel': '{"report_to":"heroku-nel","response_headers":["Via"],"max_age":3600,"success_fraction":0.01,"failure_fraction":0.1}', 'Report-To': '{"group":"heroku-nel","endpoints":[{"url":"https://nel.heroku.com/reports?s=9cj1Op8EqiJRLe3Nr4o5yjy8hozhHeYFAkXupa%2FlpUQ%3D\\u0026sid=c46efe9b-d3d2-4a0c-8c76-bfafa16c5add\\u0026ts=1758206264"}],"max_age":3600}', 'Reporting-Endpoints': 'heroku-nel="https://nel.heroku.com/reports?s=9cj1Op8EqiJRLe3Nr4o5yjy8hozhHeYFAkXupa%2FlpUQ%3D&amp;sid=c46efe9b-d3d2-4a0c-8c76-bfafa16c5add&amp;ts=1758206264"', 'Server': 'Heroku', 'Via': '1.1 heroku-router', 'X-Powered-By': 'Express'} 
 body=[{"bookingid":3062},{"bookingid":1399},{"bookingid":2249},{"bookingid":459},{"bookingid":2263},{"bookingid":1194},{"bookingid":2147},{"bookingid":2749},{"bookingid":3288},{"bookingid":1008},{"bookingid":2072},{"bookingid":1262},{"bookingid":652},{"bookingid":1142},{"bookingid":988},{"bookingid":926},{"bookingid":1997},{"bookingid":1523},{"bookingid":2513},{"bookingid":888},{"bookingid":2686},{"bookingid":1365},{"bookingid":2710},{"bookingid":345},{"bookingid":2893},{"bookingid":870},{"bookingid":2779},{"bookingid":1045},{"bookingid":178},{"bookingid":2284},{"bookingid":152},{"bookingid":1186},{"bookingid":581},{"bookingid":2547},{"bookingid":2125},{"bookingid":1865},{"bookingid":2697},{"bookingid":1782},{"bookingid":489},{"bookingid":1154},{"bookingid":2845},{"bookingid":1831},{"bookingid":2526},{"bookingid":1636},{"bookingid":3036},{"bookingid":1938},{"bookingid":3250},{"bookingid":216},{"bookingid":1806},{"bookingid":1074},{"bookingid":2232},{"bookingid":172},{"bookingid":2098},{"bookingid":2762},{"bookingid":945},{"bookingid":384},{"bookingid":861},{"bookingid":1670},{"bookingid":2729},{"bookingid":3183},{"bookingid":1887},{"bookingid":1138},{"bookingid":1092},{"bookingid":2971},{"bookingid":1438},{"bookingid":1375},{"bookingid":1639},{"bookingid":795},{"bookingid":58},{"bookingid":2939},{"bookingid":1450},{"bookingid":3003},{"bookingid":59},{"bookingid":81},{"bookingid":1116},{"bookingid":3008},{"bookingid":1780},{"bookingid":2458},{"bookingid":2700},{"bookingid":927},{"bookingid":302},{"bookingid":1377},{"bookingid":438},{"bookingid":1130},{"bookingid":1327},{"bookingid":755},{"bookingid":221},{"bookingid":308},{"bookingid":3030},{"bookingid":1040},{"bookingid":25},{"bookingid":1999},{"bookingid":1998},{"bookingid":429},{"bookingid":3072},{"bookingid":2126},{"bookingid":2247},{"bookingid":635},{"bookingid":1132},{"bookingid":1553},{"bookingid":2227},{"bookingid":661},{"bookingid":592},{"bookingid":1259},{"bookingid":3366},{"bookingid":3392},{"bookingid":2116},{"bookingid":18},{"bookingid":1246},{"bookingid":3016},{"bookingid":850},{"bookingid":900},{"bookingid":2877},{"bookingid":588},{"bookingid":53},{"bookingid":2094},{"bookingid":620},{"bookingid":624},{"bookingid":2378},{"bookingid":339},{"bookingid":274},{"bookingid":435},{"bookingid":1470},{"bookingid":317},{"bookingid":2598},{"bookingid":2060},{"bookingid":447},{"bookingid":3345},{"bookingid":466},{"bookingid":2927},{"bookingid":1729},{"bookingid":738},{"bookingid":2355},{"bookingid":3090},{"bookingid":2164},{"bookingid":3491},{"bookingid":1911},{"bookingid":2189},{"bookingid":2187},{"bookingid":2456},{"bookingid":884},{"bookingid":1205},{"bookingid":2479},{"bookingid":698},{"bookingid":923},{"bookingid":1633},{"bookingid":2309},{"bookingid":647},{"bookingid":1210},{"bookingid":1662},{"bookingid":937},{"bookingid":1244},{"bookingid":2088},{"bookingid":52},{"bookingid":838},{"bookingid":1697},{"bookingid":77},{"bookingid":2394},{"bookingid":2023},{"bookingid":2664},{"bookingid":692},{"bookingid":2744},{"bookingid":2596},{"bookingid":1120},{"bookingid":595},{"bookingid":2382},{"bookingid":1209},{"bookingid":1571},{"bookingid":2087},{"bookingid":1855},{"bookingid":2145},{"bookingid":1487},{"bookingid":3386},{"bookingid":3155},{"bookingid":2492},{"bookingid":3326},{"bookingid":2713},{"bookingid":3233},{"bookingid":2036},{"bookingid":2828},{"bookingid":774},{"bookingid":1654},{"bookingid":1335},{"bookingid":1748},{"bookingid":1798},{"bookingid":1347},{"bookingid":2133},{"bookingid":1699},{"bookingid":1386},{"bookingid":3281},{"bookingid":878},{"bookingid":3221},{"bookingid":3},{"bookingid":1326},{"bookingid":86},{"bookingid":1693},{"bookingid":2678},{"bookingid":2617},{"bookingid":3165},{"bookingid":947},{"bookingid":2564},{"bookingid":128},{"bookingid":3267},{"bookingid":28},{"bookingid":5},{"bookingid":2954},{"bookingid":1463},{"bookingid":131},{"bookingid":3161},{"bookingid":2947},{"bookingid":3439},{"bookingid":503},{"bookingid":819},{"bookingid":2644},{"bookingid":507},{"bookingid":657},{"bookingid":3086},{"bookingid":1274},{"bookingid":814},{"bookingid":778},{"bookingid":2448},{"bookingid":1810},{"bookingid":2842},{"bookingid":3311},{"bookingid":3441},{"bookingid":2045},{"bookingid":2784},{"bookingid":783},{"bookingid":2299},{"bookingid":1435},{"bookingid":914},{"bookingid":2042},{"bookingid":1284},{"bookingid":1282},{"bookingid":906},{"bookingid":2392},{"bookingid":3023},{"bookingid":1827},{"bookingid":1360},{"bookingid":2701},{"bookingid":974},{"bookingid":56},{"bookingid":1291},{"bookingid":64},{"bookingid":2059},{"bookingid":3038},{"bookingid":458},{"bookingid":3152},{"bookingid":2628},{"bookingid":3164},{"bookingid":7},{"bookingid":1211},{"bookingid":1012},{"bookingid":3484},{"bookingid":1346},{"bookingid":558},{"bookingid":3327},{"bookingid":1673},{"bookingid":400},{"bookingid":2027},{"bookingid":283},{"bookingid":1356},{"bookingid":1269},{"bookingid":943},{"bookingid":3121},{"bookingid":2230},{"bookingid":2322},{"bookingid":1540},{"bookingid":2293},{"bookingid":1743},{"bookingid":3092},{"bookingid":2935},{"bookingid":88},{"bookingid":3216},{"bookingid":1854},{"bookingid":2021},{"bookingid":1003},{"bookingid":889},{"bookingid":1573},{"bookingid":2836},{"bookingid":2863},{"bookingid":706},{"bookingid":979},{"bookingid":1390},{"bookingid":369},{"bookingid":1488},{"bookingid":224},{"bookingid":3002},{"bookingid":3201},{"bookingid":1528},{"bookingid":3478},{"bookingid":1859},{"bookingid":2},{"bookingid":1476},{"bookingid":2905},{"bookingid":2716},{"bookingid":260},{"bookingid":3007},{"bookingid":3473},{"bookingid":1068},{"bookingid":1199},{"bookingid":1564},{"bookingid":189},{"bookingid":728},{"bookingid":1681},{"bookingid":799},{"bookingid":2770},{"bookingid":2254},{"bookingid":1111},{"bookingid":2728},{"bookingid":2142},{"bookingid":2420},{"bookingid":40},{"bookingid":2695},{"bookingid":2160},{"bookingid":2793},{"bookingid":3292},{"bookingid":1149},{"bookingid":243},{"bookingid":239},{"bookingid":2912},{"bookingid":2452},{"bookingid":93},{"bookingid":3125},{"bookingid":1852},{"bookingid":1275},{"bookingid":2424},{"bookingid":397},{"bookingid":1645},{"bookingid":1170},{"bookingid":3310},{"bookingid":280},{"bookingid":2876},{"bookingid":2738},{"bookingid":2217},{"bookingid":874},{"bookingid":485},{"bookingid":1875},{"bookingid":497},{"bookingid":1649},{"bookingid":3294},{"bookingid":12},{"bookingid":1503},{"bookingid":3120},{"bookingid":1587},{"bookingid":2734},{"bookingid":807},{"bookingid":296},{"bookingid":967},{"bookingid":1339},{"bookingid":344},{"bookingid":3032},{"bookingid":3295},{"bookingid":19},{"bookingid":651},{"bookingid":303},{"bookingid":2821},{"bookingid":3403},{"bookingid":801},{"bookingid":443},{"bookingid":1263},{"bookingid":295},{"bookingid":1304},{"bookingid":1151},{"bookingid":548},{"bookingid":1521},{"bookingid":644},{"bookingid":2804},{"bookingid":1866},{"bookingid":3200},{"bookingid":412},{"bookingid":3453},{"bookingid":3069},{"bookingid":1464},{"bookingid":2483},{"bookingid":3321},{"bookingid":2406},{"bookingid":1371},{"bookingid":1791},{"bookingid":27},{"bookingid":973},{"bookingid":2369},{"bookingid":478},{"bookingid":735},{"bookingid":3232},{"bookingid":803},{"bookingid":3022},{"bookingid":716},{"bookingid":79},{"bookingid":762},{"bookingid":1482},{"bookingid":2829},{"bookingid":1415},{"bookingid":46},{"bookingid":2696},{"bookingid":2581},{"bookingid":526},{"bookingid":1501},{"bookingid":1331},{"bookingid":1921},{"bookingid":115},{"bookingid":2788},{"bookingid":1157},{"bookingid":2541},{"bookingid":2052},{"bookingid":253},{"bookingid":1494},{"bookingid":288},{"bookingid":273},{"bookingid":1710},{"bookingid":3477},{"bookingid":2364},{"bookingid":425},{"bookingid":2077},{"bookingid":2408},{"bookingid":1731},{"bookingid":1747},{"bookingid":2350},{"bookingid":952},{"bookingid":2243},{"bookingid":2901},{"bookingid":1173},{"bookingid":2768},{"bookingid":1407},{"bookingid":677},{"bookingid":1538},{"bookingid":653},{"bookingid":353},{"bookingid":608},{"bookingid":2206},{"bookingid":3244},{"bookingid":1023},{"bookingid":338},{"bookingid":1175},{"bookingid":2107},{"bookingid":1225},{"bookingid":1095},{"bookingid":3004},{"bookingid":3458},{"bookingid":787},{"bookingid":3224},{"bookingid":3123},{"bookingid":2177},{"bookingid":2175},{"bookingid":1096},{"bookingid":877},{"bookingid":83},{"bookingid":1918},{"bookingid":2255},{"bookingid":3140},{"bookingid":1726},{"bookingid":1561},{"bookingid":430},{"bookingid":751},{"bookingid":2570},{"bookingid":1884},{"bookingid":2921},{"bookingid":3406},{"bookingid":300},{"bookingid":70},{"bookingid":2542},{"bookingid":2426},{"bookingid":2891},{"bookingid":3088},{"bookingid":404},{"bookingid":2517},{"bookingid":3019},{"bookingid":3043},{"bookingid":2497},{"bookingid":615},{"bookingid":2343},{"bookingid":269},{"bookingid":3459},{"bookingid":238},{"bookingid":109},{"bookingid":1278},{"bookingid":2746},{"bookingid":2259},{"bookingid":1070},{"bookingid":3020},{"bookingid":125},{"bookingid":1952},{"bookingid":1447},{"bookingid":658},{"bookingid":2407},{"bookingid":524},{"bookingid":3204},{"bookingid":2518},{"bookingid":1456},{"bookingid":1872},{"bookingid":1724},{"bookingid":1353},{"bookingid":2613},{"bookingid":2776},{"bookingid":3300},{"bookingid":1572},{"bookingid":201},{"bookingid":1425},{"bookingid":2702},{"bookingid":3297},{"bookingid":1955},{"bookingid":2934},{"bookingid":611},{"bookingid":1340},{"bookingid":983},{"bookingid":1841},{"bookingid":2792},{"bookingid":2646},{"bookingid":2676},{"bookingid":1656},{"bookingid":1951},{"bookingid":724},{"bookingid":491},{"bookingid":479},{"bookingid":2722},{"bookingid":2224},{"bookingid":1197},{"bookingid":3389},{"bookingid":2388},{"bookingid":3483},{"bookingid":1322},{"bookingid":2812},{"bookingid":3236},{"bookingid":245},{"bookingid":1688},{"bookingid":1565},{"bookingid":2154},{"bookingid":2985},{"bookingid":1642},{"bookingid":2112},{"bookingid":3314},{"bookingid":1566},{"bookingid":3349},{"bookingid":2152},{"bookingid":2312},{"bookingid":1389},{"bo... (set the log level to DEBUG or TRACE to see the full content) 
 </msg>
<msg time="2025-09-18T11:37:44.601346" level="INFO">C:\Users\kauar\AppData\Local\Programs\Python\Python313\Lib\site-packages\urllib3\connectionpool.py:1097: InsecureRequestWarning: Unverified HTTPS request is being made to host 'restful-booker.herokuapp.com'. Adding certificate verification is strongly advised. See: https://urllib3.readthedocs.io/en/latest/advanced-usage.html#tls-warnings
  warnings.warn(</msg>
<msg time="2025-09-18T11:37:44.602020" level="INFO">${response} = &lt;Response [200]&gt;</msg>
<var>${response}</var>
<arg>alias=booker</arg>
<arg>url=https://restful-booker.herokuapp.com/booking</arg>
<doc>Sends a GET request on a previously created HTTP Session.</doc>
<status status="PASS" start="2025-09-18T11:37:43.770915" elapsed="0.831179"/>
</kw>
<kw name="Should Be Equal As Integers" owner="BuiltIn">
<msg time="2025-09-18T11:37:44.604332" level="INFO">Argument types are:
&lt;class 'int'&gt;
&lt;class 'str'&gt;</msg>
<arg>${response.status_code}</arg>
<arg>200</arg>
<doc>Fails if objects are unequal after converting them to integers.</doc>
<status status="PASS" start="2025-09-18T11:37:44.602927" elapsed="0.001655"/>
</kw>
<kw name="Log To Console" owner="BuiltIn">
<arg>Lista de bookings: ${response.json()}</arg>
<doc>Logs the given message to the console.</doc>
<status status="PASS" start="2025-09-18T11:37:44.605427" elapsed="0.010457"/>
</kw>
<doc>Este teste faz um GET para listar todos os booking IDs existentes</doc>
<status status="PASS" start="2025-09-18T11:37:43.768132" elapsed="0.848618"/>
</test>
<test id="s1-t2" name="POST Create Booking" line="27">
<kw name="Create Session" owner="RequestsLibrary">
<msg time="2025-09-18T11:37:44.620266" level="INFO">Creating Session using : alias=booker, url=https://restful-booker.herokuapp.com, headers={},                     cookies={}, auth=None, timeout=None, proxies=None, verify=False,                     debug=0 </msg>
<arg>booker</arg>
<arg>https://restful-booker.herokuapp.com</arg>
<doc>Create Session: create a HTTP session to a server</doc>
<status status="PASS" start="2025-09-18T11:37:44.619813" elapsed="0.000902"/>
</kw>
<kw name="Create Dictionary" owner="BuiltIn">
<msg time="2025-09-18T11:37:44.621928" level="INFO">${booking_dates} = {'checkin': '2025-09-20', 'checkout': '2025-09-25'}</msg>
<var>${booking_dates}</var>
<arg>checkin=2025-09-20</arg>
<arg>checkout=2025-09-25</arg>
<doc>Creates and returns a dictionary based on the given ``items``.</doc>
<status status="PASS" start="2025-09-18T11:37:44.621289" elapsed="0.000718"/>
</kw>
<kw name="Create Dictionary" owner="BuiltIn">
<msg time="2025-09-18T11:37:44.623144" level="INFO">${booking_data} = {'firstname': 'Kaua', 'lastname': 'Silva', 'totalprice': '123', 'depositpaid': True, 'bookingdates': {'checkin': '2025-09-20', 'checkout': '2025-09-25'}, 'additionalneeds': 'Breakfast'}</msg>
<var>${booking_data}</var>
<arg>firstname=Kaua</arg>
<arg>lastname=Silva</arg>
<arg>totalprice=123</arg>
<arg>depositpaid=${True}</arg>
<arg>bookingdates=${booking_dates}</arg>
<arg>additionalneeds=Breakfast</arg>
<doc>Creates and returns a dictionary based on the given ``items``.</doc>
<status status="PASS" start="2025-09-18T11:37:44.622493" elapsed="0.000713"/>
</kw>
<kw name="POST On Session" owner="RequestsLibrary">
<msg time="2025-09-18T11:37:45.218462" level="INFO">POST Request : url=https://restful-booker.herokuapp.com/booking 
 path_url=/booking 
 headers={'User-Agent': 'python-requests/2.32.5', 'Accept-Encoding': 'gzip, deflate', 'Accept': '*/*', 'Connection': 'keep-alive', 'Content-Length': '185', 'Content-Type': 'application/json'} 
 body=b'{"firstname": "Kaua", "lastname": "Silva", "totalprice": "123", "depositpaid": true, "bookingdates": {"checkin": "2025-09-20", "checkout": "2025-09-25"}, "additionalneeds": "Breakfast"}' 
 </msg>
<msg time="2025-09-18T11:37:45.218563" level="INFO">POST Response : url=https://restful-booker.herokuapp.com/booking 
 status=200, reason=OK 
 headers={'Content-Length': '198', 'Content-Type': 'application/json; charset=utf-8', 'Date': 'Thu, 18 Sep 2025 14:37:45 GMT', 'Etag': 'W/"c6-cWTmhgN9vTouaDAMGS+NrFylTaw"', 'Nel': '{"report_to":"heroku-nel","response_headers":["Via"],"max_age":3600,"success_fraction":0.01,"failure_fraction":0.1}', 'Report-To': '{"group":"heroku-nel","endpoints":[{"url":"https://nel.heroku.com/reports?s=EVn4gCsKeuWnZ3J0Kmc%2Ba1o1VQPkm%2FX6HuxljMS2o94%3D\\u0026sid=c46efe9b-d3d2-4a0c-8c76-bfafa16c5add\\u0026ts=1758206265"}],"max_age":3600}', 'Reporting-Endpoints': 'heroku-nel="https://nel.heroku.com/reports?s=EVn4gCsKeuWnZ3J0Kmc%2Ba1o1VQPkm%2FX6HuxljMS2o94%3D&amp;sid=c46efe9b-d3d2-4a0c-8c76-bfafa16c5add&amp;ts=1758206265"', 'Server': 'Heroku', 'Via': '1.1 heroku-router', 'X-Powered-By': 'Express'} 
 body={"bookingid":3502,"booking":{"firstname":"Kaua","lastname":"Silva","totalprice":123,"depositpaid":true,"bookingdates":{"checkin":"2025-09-20","checkout":"2025-09-25"},"additionalneeds":"Breakfast"}} 
 </msg>
<msg time="2025-09-18T11:37:45.218636" level="INFO">C:\Users\kauar\AppData\Local\Programs\Python\Python313\Lib\site-packages\urllib3\connectionpool.py:1097: InsecureRequestWarning: Unverified HTTPS request is being made to host 'restful-booker.herokuapp.com'. Adding certificate verification is strongly advised. See: https://urllib3.readthedocs.io/en/latest/advanced-usage.html#tls-warnings
  warnings.warn(</msg>
<msg time="2025-09-18T11:37:45.219120" level="INFO">${response} = &lt;Response [200]&gt;</msg>
<var>${response}</var>
<arg>booker</arg>
<arg>/booking</arg>
<arg>json=${booking_data}</arg>
<doc>Sends a POST request on a previously created HTTP Session.</doc>
<status status="PASS" start="2025-09-18T11:37:44.623650" elapsed="0.595531"/>
</kw>
<kw name="Should Be True" owner="BuiltIn">
<arg>${response.status_code} == 200 or ${response.status_code} == 201</arg>
<doc>Fails if the given condition is not true.</doc>
<status status="PASS" start="2025-09-18T11:37:45.219524" elapsed="0.001745"/>
</kw>
<kw name="Log" owner="BuiltIn">
<msg time="2025-09-18T11:37:45.222355" level="INFO">Booking criado: {'bookingid': 3502, 'booking': {'firstname': 'Kaua', 'lastname': 'Silva', 'totalprice': 123, 'depositpaid': True, 'bookingdates': {'checkin': '2025-09-20', 'checkout': '2025-09-25'}, 'additionalneeds': 'Breakfast'}}</msg>
<arg>Booking criado: ${response.json()}</arg>
<doc>Logs the given message with the given level.</doc>
<status status="PASS" start="2025-09-18T11:37:45.221625" elapsed="0.000803"/>
</kw>
<kw name="Set Variable" owner="BuiltIn">
<msg time="2025-09-18T11:37:45.223227" level="INFO">${booking_id} = 3502</msg>
<var>${booking_id}</var>
<arg>${response.json()['bookingid']}</arg>
<doc>Returns the given values which can then be assigned to a variables.</doc>
<status status="PASS" start="2025-09-18T11:37:45.222673" elapsed="0.000588"/>
</kw>
<kw name="Log" owner="BuiltIn">
<msg time="2025-09-18T11:37:45.223636" level="INFO">ID do booking criado: 3502</msg>
<arg>ID do booking criado: ${booking_id}</arg>
<doc>Logs the given message with the given level.</doc>
<status status="PASS" start="2025-09-18T11:37:45.223480" elapsed="0.000225"/>
</kw>
<doc>Este teste cria um novo booking usando POST</doc>
<status status="PASS" start="2025-09-18T11:37:44.617880" elapsed="0.606028"/>
</test>
<status status="PASS" start="2025-09-18T11:37:43.544614" elapsed="1.680608"/>
</suite>
<statistics>
<total>
<stat pass="2" fail="0" skip="0">All Tests</stat>
</total>
<tag>
</tag>
<suite>
<stat name="Booker Test" id="s1" pass="2" fail="0" skip="0">Booker Test</stat>
</suite>
</statistics>
<errors>
</errors>
</robot>
